<!DOCTYPE html>

<html>
  <head>
  <meta charset='utf-8'>
  <title>TestNG reports</title>

    <link type="text/css" href="testng-reports.css" rel="stylesheet" />
    <script type="text/javascript" src="jquery-1.7.1.min.js"></script>
    <script type="text/javascript" src="testng-reports.js"></script>
    <script type="text/javascript" src="https://www.google.com/jsapi"></script>
    <script type='text/javascript'>
      google.load('visualization', '1', {packages:['table']});
      google.setOnLoadCallback(drawTable);
      var suiteTableInitFunctions = new Array();
      var suiteTableData = new Array();
    </script>
    <!--
      <script type="text/javascript" src="jquery-ui/js/jquery-ui-1.8.16.custom.min.js"></script>
     -->
  </head>

  <body>
    <div class="top-banner-root">
      <span class="top-banner-title-font">Test results</span>
      <br/>
      <span class="top-banner-font-1">1 suite, 5 failed tests</span>
    </div> <!-- top-banner-root -->
    <div class="navigator-root">
      <div class="navigator-suite-header">
        <span>All suites</span>
        <a href="#" class="collapse-all-link" title="Collapse/expand all the suites">
          <img class="collapse-all-icon" src="collapseall.gif">
          </img> <!-- collapse-all-icon -->
        </a> <!-- collapse-all-link -->
      </div> <!-- navigator-suite-header -->
      <div class="suite">
        <div class="rounded-window">
          <div class="suite-header light-rounded-window-top">
            <a href="#" class="navigator-link" panel-name="suite-Regression_Suite">
              <span class="suite-name border-failed">Regression Suite</span>
            </a> <!-- navigator-link -->
          </div> <!-- suite-header light-rounded-window-top -->
          <div class="navigator-suite-content">
            <div class="suite-section-title">
              <span>Info</span>
            </div> <!-- suite-section-title -->
            <div class="suite-section-content">
              <ul>
                <li>
                  <a href="#" class="navigator-link " panel-name="test-xml-Regression_Suite">
                    <span>E:\POM Framework\uiAutomation\testNG.xml</span>
                  </a> <!-- navigator-link  -->
                </li>
                <li>
                  <a href="#" class="navigator-link " panel-name="testlist-Regression_Suite">
                    <span class="test-stats">1 test</span>
                  </a> <!-- navigator-link  -->
                </li>
                <li>
                  <a href="#" class="navigator-link " panel-name="group-Regression_Suite">
                    <span>0 groups</span>
                  </a> <!-- navigator-link  -->
                </li>
                <li>
                  <a href="#" class="navigator-link " panel-name="times-Regression_Suite">
                    <span>Times</span>
                  </a> <!-- navigator-link  -->
                </li>
                <li>
                  <a href="#" class="navigator-link " panel-name="reporter-Regression_Suite">
                    <span>Reporter output</span>
                  </a> <!-- navigator-link  -->
                </li>
                <li>
                  <a href="#" class="navigator-link " panel-name="ignored-methods-Regression_Suite">
                    <span>Ignored methods</span>
                  </a> <!-- navigator-link  -->
                </li>
                <li>
                  <a href="#" class="navigator-link " panel-name="chronological-Regression_Suite">
                    <span>Chronological view</span>
                  </a> <!-- navigator-link  -->
                </li>
              </ul>
            </div> <!-- suite-section-content -->
            <div class="result-section">
              <div class="suite-section-title">
                <span>Results</span>
              </div> <!-- suite-section-title -->
              <div class="suite-section-content">
                <ul>
                  <li>
                    <span class="method-stats">8 methods, 5 failed,  3 skipped,  </span>
                  </li>
                  <li>
                    <span class="method-list-title failed">Failed methods</span>
                    <span class="show-or-hide-methods failed">
                      <a href="#" panel-name="suite-Regression_Suite" class="hide-methods failed suite-Regression_Suite"> (hide)</a> <!-- hide-methods failed suite-Regression_Suite -->
                      <a href="#" panel-name="suite-Regression_Suite" class="show-methods failed suite-Regression_Suite"> (show)</a> <!-- show-methods failed suite-Regression_Suite -->
                    </span>
                    <div class="method-list-content failed suite-Regression_Suite">
                      <span>
                        <img width="3%" src="failed.png"/>
                        <a href="#" class="method navigator-link" panel-name="suite-Regression_Suite" title="com.test.automation.uiAutomation.homepage.TC002_VerifyLoginWithInvalidCredentials" hash-for-method="verifyLoginWithvalidCredentials(smanickarajanskf@gmail.com, subrajsub, y)">verifyLoginWithvalidCredentials(smanickarajanskf@gmail.com, subrajsub, y)</a> <!-- method navigator-link -->
                      </span>
                      <br/>
                      <span>
                        <img width="3%" src="failed.png"/>
                        <a href="#" class="method navigator-link" panel-name="suite-Regression_Suite" title="com.test.automation.uiAutomation.homepage.TC002_VerifyLoginWithInvalidCredentials" hash-for-method="verifyLoginWithvalidCredentials(xyz7@gmail.com, welcome2, y)">verifyLoginWithvalidCredentials(xyz7@gmail.com, welcome2, y)</a> <!-- method navigator-link -->
                      </span>
                      <br/>
                      <span>
                        <img width="3%" src="failed.png"/>
                        <a href="#" class="method navigator-link" panel-name="suite-Regression_Suite" title="com.test.automation.uiAutomation.homepage.TC002_VerifyLoginWithInvalidCredentials" hash-for-method="verifyLoginWithvalidCredentials(abc5@gmail.com, welcome, y)">verifyLoginWithvalidCredentials(abc5@gmail.com, welcome, y)</a> <!-- method navigator-link -->
                      </span>
                      <br/>
                      <span>
                        <img width="3%" src="failed.png"/>
                        <a href="#" class="method navigator-link" panel-name="suite-Regression_Suite" title="com.test.automation.uiAutomation.homepage.TC002_VerifyLoginWithInvalidCredentials" hash-for-method="verifyLoginWithvalidCredentials(xyz7@gmail.com, welcome2, y)">verifyLoginWithvalidCredentials(xyz7@gmail.com, welcome2, y)</a> <!-- method navigator-link -->
                      </span>
                      <br/>
                      <span>
                        <img width="3%" src="failed.png"/>
                        <a href="#" class="method navigator-link" panel-name="suite-Regression_Suite" title="com.test.automation.uiAutomation.homepage.TC002_VerifyLoginWithInvalidCredentials" hash-for-method="verifyLoginWithvalidCredentials(abc5@gmail.com, welcome, y)">verifyLoginWithvalidCredentials(abc5@gmail.com, welcome, y)</a> <!-- method navigator-link -->
                      </span>
                      <br/>
                    </div> <!-- method-list-content failed suite-Regression_Suite -->
                  </li>
                  <li>
                    <span class="method-list-title skipped">Skipped methods</span>
                    <span class="show-or-hide-methods skipped">
                      <a href="#" panel-name="suite-Regression_Suite" class="hide-methods skipped suite-Regression_Suite"> (hide)</a> <!-- hide-methods skipped suite-Regression_Suite -->
                      <a href="#" panel-name="suite-Regression_Suite" class="show-methods skipped suite-Regression_Suite"> (show)</a> <!-- show-methods skipped suite-Regression_Suite -->
                    </span>
                    <div class="method-list-content skipped suite-Regression_Suite">
                      <span>
                        <img width="3%" src="skipped.png"/>
                        <a href="#" class="method navigator-link" panel-name="suite-Regression_Suite" title="com.test.automation.uiAutomation.homepage.TC002_VerifyLoginWithInvalidCredentials" hash-for-method="verifyLoginWithvalidCredentials(smanickarajanskf@gmail.com, subrajsub, y)">verifyLoginWithvalidCredentials(smanickarajanskf@gmail.com, subrajsub, y)</a> <!-- method navigator-link -->
                      </span>
                      <br/>
                      <span>
                        <img width="3%" src="skipped.png"/>
                        <a href="#" class="method navigator-link" panel-name="suite-Regression_Suite" title="com.test.automation.uiAutomation.homepage.TC002_VerifyLoginWithInvalidCredentials" hash-for-method="verifyLoginWithvalidCredentials(def6@gmail.com, welcome1, n)">verifyLoginWithvalidCredentials(def6@gmail.com, welcome1, n)</a> <!-- method navigator-link -->
                      </span>
                      <br/>
                      <span>
                        <img width="3%" src="skipped.png"/>
                        <a href="#" class="method navigator-link" panel-name="suite-Regression_Suite" title="com.test.automation.uiAutomation.homepage.TC002_VerifyLoginWithInvalidCredentials" hash-for-method="verifyLoginWithvalidCredentials(def6@gmail.com, welcome1, n)">verifyLoginWithvalidCredentials(def6@gmail.com, welcome1, n)</a> <!-- method navigator-link -->
                      </span>
                      <br/>
                    </div> <!-- method-list-content skipped suite-Regression_Suite -->
                  </li>
                </ul>
              </div> <!-- suite-section-content -->
            </div> <!-- result-section -->
          </div> <!-- navigator-suite-content -->
        </div> <!-- rounded-window -->
      </div> <!-- suite -->
    </div> <!-- navigator-root -->
    <div class="wrapper">
      <div class="main-panel-root">
        <div panel-name="suite-Regression_Suite" class="panel Regression_Suite">
          <div class="suite-Regression_Suite-class-failed">
            <div class="main-panel-header rounded-window-top">
              <img src="failed.png"/>
              <span class="class-name">com.test.automation.uiAutomation.homepage.TC002_VerifyLoginWithInvalidCredentials</span>
            </div> <!-- main-panel-header rounded-window-top -->
            <div class="main-panel-content rounded-window-bottom">
              <div class="method">
                <div class="method-content">
                  <a name="verifyLoginWithvalidCredentials(smanickarajanskf@gmail.com, subrajsub, y)">
                  </a> <!-- verifyLoginWithvalidCredentials(smanickarajanskf@gmail.com, subrajsub, y) -->
                  <span class="method-name">verifyLoginWithvalidCredentials</span>
                  <span class="parameters">(smanickarajanskf@gmail.com, subrajsub, y)</span>
                  <div class="stack-trace">org.openqa.selenium.NoSuchElementException: no such element: Unable to locate element: {&quot;method&quot;:&quot;xpath&quot;,&quot;selector&quot;:&quot;//button[@id=&apos;SubmitLogin1&apos;]&quot;}
  (Session info: chrome=64.0.3282.186)
  (Driver info: chromedriver=2.35.528161 (5b82f2d2aae0ca24b877009200ced9065a772e73),platform=Windows NT 6.1.7600 x86_64) (WARNING: The server did not provide any stacktrace information)
Command duration or timeout: 0 milliseconds
For documentation on this error, please visit: http://seleniumhq.org/exceptions/no_such_element.html
Build info: version: &apos;3.8.1&apos;, revision: &apos;6e95a6684b&apos;, time: &apos;2017-12-01T18:33:54.468Z&apos;
System info: host: &apos;WIN7-PC&apos;, ip: &apos;192.168.43.249&apos;, os.name: &apos;Windows 7&apos;, os.arch: &apos;amd64&apos;, os.version: &apos;6.1&apos;, java.version: &apos;1.8.0_152&apos;
Driver info: org.openqa.selenium.chrome.ChromeDriver
Capabilities {acceptInsecureCerts: false, acceptSslCerts: false, applicationCacheEnabled: false, browserConnectionEnabled: false, browserName: chrome, chrome: {chromedriverVersion: 2.35.528161 (5b82f2d2aae0ca..., userDataDir: C:\Users\win7\AppData\Local...}, cssSelectorsEnabled: true, databaseEnabled: false, handlesAlerts: true, hasTouchScreen: false, javascriptEnabled: true, locationContextEnabled: true, mobileEmulationEnabled: false, nativeEvents: true, networkConnectionEnabled: false, pageLoadStrategy: normal, platform: XP, platformName: XP, rotatable: false, setWindowRect: true, takesHeapSnapshot: true, takesScreenshot: true, unexpectedAlertBehaviour: , unhandledPromptBehavior: , version: 64.0.3282.186, webStorageEnabled: true}
Session ID: 0022be8a7644042bdbb3550b1f65c4ec
*** Element info: {Using=xpath, value=//button[@id=&apos;SubmitLogin1&apos;]}
	at org.openqa.selenium.remote.ErrorHandler.createThrowable(ErrorHandler.java:214)
	at org.openqa.selenium.remote.ErrorHandler.throwIfResponseFailed(ErrorHandler.java:166)
	at org.openqa.selenium.remote.http.JsonHttpResponseCodec.reconstructValue(JsonHttpResponseCodec.java:40)
	at org.openqa.selenium.remote.http.AbstractHttpResponseCodec.decode(AbstractHttpResponseCodec.java:80)
	at org.openqa.selenium.remote.http.AbstractHttpResponseCodec.decode(AbstractHttpResponseCodec.java:44)
	at org.openqa.selenium.remote.HttpCommandExecutor.execute(HttpCommandExecutor.java:164)
	at org.openqa.selenium.remote.service.DriverCommandExecutor.execute(DriverCommandExecutor.java:83)
	at org.openqa.selenium.remote.RemoteWebDriver.execute(RemoteWebDriver.java:601)
	at org.openqa.selenium.remote.RemoteWebDriver.findElement(RemoteWebDriver.java:371)
	at org.openqa.selenium.remote.RemoteWebDriver.findElementByXPath(RemoteWebDriver.java:473)
	at org.openqa.selenium.By$ByXPath.findElement(By.java:361)
	at org.openqa.selenium.remote.RemoteWebDriver.findElement(RemoteWebDriver.java:363)
	at org.openqa.selenium.support.pagefactory.DefaultElementLocator.findElement(DefaultElementLocator.java:69)
	at org.openqa.selenium.support.pagefactory.internal.LocatingElementHandler.invoke(LocatingElementHandler.java:38)
	at com.sun.proxy.$Proxy12.click(Unknown Source)
	at com.test.automation.uiAutomation.uiActions.HomePage.loginToApplication(HomePage.java:45)
	at com.test.automation.uiAutomation.homepage.TC002_VerifyLoginWithInvalidCredentials.verifyLoginWithvalidCredentials(TC002_VerifyLoginWithInvalidCredentials.java:40)
... Removed 29 stack frames
</div> <!-- stack-trace -->
                </div> <!-- method-content -->
              </div> <!-- method -->
              <div class="method">
                <div class="method-content">
                  <a name="verifyLoginWithvalidCredentials(xyz7@gmail.com, welcome2, y)">
                  </a> <!-- verifyLoginWithvalidCredentials(xyz7@gmail.com, welcome2, y) -->
                  <span class="method-name">verifyLoginWithvalidCredentials</span>
                  <span class="parameters">(xyz7@gmail.com, welcome2, y)</span>
                  <div class="stack-trace">org.openqa.selenium.NoSuchElementException: no such element: Unable to locate element: {&quot;method&quot;:&quot;xpath&quot;,&quot;selector&quot;:&quot;//button[@id=&apos;SubmitLogin1&apos;]&quot;}
  (Session info: chrome=64.0.3282.186)
  (Driver info: chromedriver=2.35.528161 (5b82f2d2aae0ca24b877009200ced9065a772e73),platform=Windows NT 6.1.7600 x86_64) (WARNING: The server did not provide any stacktrace information)
Command duration or timeout: 0 milliseconds
For documentation on this error, please visit: http://seleniumhq.org/exceptions/no_such_element.html
Build info: version: &apos;3.8.1&apos;, revision: &apos;6e95a6684b&apos;, time: &apos;2017-12-01T18:33:54.468Z&apos;
System info: host: &apos;WIN7-PC&apos;, ip: &apos;192.168.43.249&apos;, os.name: &apos;Windows 7&apos;, os.arch: &apos;amd64&apos;, os.version: &apos;6.1&apos;, java.version: &apos;1.8.0_152&apos;
Driver info: org.openqa.selenium.chrome.ChromeDriver
Capabilities {acceptInsecureCerts: false, acceptSslCerts: false, applicationCacheEnabled: false, browserConnectionEnabled: false, browserName: chrome, chrome: {chromedriverVersion: 2.35.528161 (5b82f2d2aae0ca..., userDataDir: C:\Users\win7\AppData\Local...}, cssSelectorsEnabled: true, databaseEnabled: false, handlesAlerts: true, hasTouchScreen: false, javascriptEnabled: true, locationContextEnabled: true, mobileEmulationEnabled: false, nativeEvents: true, networkConnectionEnabled: false, pageLoadStrategy: normal, platform: XP, platformName: XP, rotatable: false, setWindowRect: true, takesHeapSnapshot: true, takesScreenshot: true, unexpectedAlertBehaviour: , unhandledPromptBehavior: , version: 64.0.3282.186, webStorageEnabled: true}
Session ID: 0022be8a7644042bdbb3550b1f65c4ec
*** Element info: {Using=xpath, value=//button[@id=&apos;SubmitLogin1&apos;]}
	at org.openqa.selenium.remote.ErrorHandler.createThrowable(ErrorHandler.java:214)
	at org.openqa.selenium.remote.ErrorHandler.throwIfResponseFailed(ErrorHandler.java:166)
	at org.openqa.selenium.remote.http.JsonHttpResponseCodec.reconstructValue(JsonHttpResponseCodec.java:40)
	at org.openqa.selenium.remote.http.AbstractHttpResponseCodec.decode(AbstractHttpResponseCodec.java:80)
	at org.openqa.selenium.remote.http.AbstractHttpResponseCodec.decode(AbstractHttpResponseCodec.java:44)
	at org.openqa.selenium.remote.HttpCommandExecutor.execute(HttpCommandExecutor.java:164)
	at org.openqa.selenium.remote.service.DriverCommandExecutor.execute(DriverCommandExecutor.java:83)
	at org.openqa.selenium.remote.RemoteWebDriver.execute(RemoteWebDriver.java:601)
	at org.openqa.selenium.remote.RemoteWebDriver.findElement(RemoteWebDriver.java:371)
	at org.openqa.selenium.remote.RemoteWebDriver.findElementByXPath(RemoteWebDriver.java:473)
	at org.openqa.selenium.By$ByXPath.findElement(By.java:361)
	at org.openqa.selenium.remote.RemoteWebDriver.findElement(RemoteWebDriver.java:363)
	at org.openqa.selenium.support.pagefactory.DefaultElementLocator.findElement(DefaultElementLocator.java:69)
	at org.openqa.selenium.support.pagefactory.internal.LocatingElementHandler.invoke(LocatingElementHandler.java:38)
	at com.sun.proxy.$Proxy12.click(Unknown Source)
	at com.test.automation.uiAutomation.uiActions.HomePage.loginToApplication(HomePage.java:45)
	at com.test.automation.uiAutomation.homepage.TC002_VerifyLoginWithInvalidCredentials.verifyLoginWithvalidCredentials(TC002_VerifyLoginWithInvalidCredentials.java:40)
... Removed 29 stack frames
</div> <!-- stack-trace -->
                </div> <!-- method-content -->
              </div> <!-- method -->
              <div class="method">
                <div class="method-content">
                  <a name="verifyLoginWithvalidCredentials(abc5@gmail.com, welcome, y)">
                  </a> <!-- verifyLoginWithvalidCredentials(abc5@gmail.com, welcome, y) -->
                  <span class="method-name">verifyLoginWithvalidCredentials</span>
                  <span class="parameters">(abc5@gmail.com, welcome, y)</span>
                  <div class="stack-trace">org.openqa.selenium.NoSuchElementException: no such element: Unable to locate element: {&quot;method&quot;:&quot;xpath&quot;,&quot;selector&quot;:&quot;//button[@id=&apos;SubmitLogin1&apos;]&quot;}
  (Session info: chrome=64.0.3282.186)
  (Driver info: chromedriver=2.35.528161 (5b82f2d2aae0ca24b877009200ced9065a772e73),platform=Windows NT 6.1.7600 x86_64) (WARNING: The server did not provide any stacktrace information)
Command duration or timeout: 0 milliseconds
For documentation on this error, please visit: http://seleniumhq.org/exceptions/no_such_element.html
Build info: version: &apos;3.8.1&apos;, revision: &apos;6e95a6684b&apos;, time: &apos;2017-12-01T18:33:54.468Z&apos;
System info: host: &apos;WIN7-PC&apos;, ip: &apos;192.168.43.249&apos;, os.name: &apos;Windows 7&apos;, os.arch: &apos;amd64&apos;, os.version: &apos;6.1&apos;, java.version: &apos;1.8.0_152&apos;
Driver info: org.openqa.selenium.chrome.ChromeDriver
Capabilities {acceptInsecureCerts: false, acceptSslCerts: false, applicationCacheEnabled: false, browserConnectionEnabled: false, browserName: chrome, chrome: {chromedriverVersion: 2.35.528161 (5b82f2d2aae0ca..., userDataDir: C:\Users\win7\AppData\Local...}, cssSelectorsEnabled: true, databaseEnabled: false, handlesAlerts: true, hasTouchScreen: false, javascriptEnabled: true, locationContextEnabled: true, mobileEmulationEnabled: false, nativeEvents: true, networkConnectionEnabled: false, pageLoadStrategy: normal, platform: XP, platformName: XP, rotatable: false, setWindowRect: true, takesHeapSnapshot: true, takesScreenshot: true, unexpectedAlertBehaviour: , unhandledPromptBehavior: , version: 64.0.3282.186, webStorageEnabled: true}
Session ID: 0022be8a7644042bdbb3550b1f65c4ec
*** Element info: {Using=xpath, value=//button[@id=&apos;SubmitLogin1&apos;]}
	at org.openqa.selenium.remote.ErrorHandler.createThrowable(ErrorHandler.java:214)
	at org.openqa.selenium.remote.ErrorHandler.throwIfResponseFailed(ErrorHandler.java:166)
	at org.openqa.selenium.remote.http.JsonHttpResponseCodec.reconstructValue(JsonHttpResponseCodec.java:40)
	at org.openqa.selenium.remote.http.AbstractHttpResponseCodec.decode(AbstractHttpResponseCodec.java:80)
	at org.openqa.selenium.remote.http.AbstractHttpResponseCodec.decode(AbstractHttpResponseCodec.java:44)
	at org.openqa.selenium.remote.HttpCommandExecutor.execute(HttpCommandExecutor.java:164)
	at org.openqa.selenium.remote.service.DriverCommandExecutor.execute(DriverCommandExecutor.java:83)
	at org.openqa.selenium.remote.RemoteWebDriver.execute(RemoteWebDriver.java:601)
	at org.openqa.selenium.remote.RemoteWebDriver.findElement(RemoteWebDriver.java:371)
	at org.openqa.selenium.remote.RemoteWebDriver.findElementByXPath(RemoteWebDriver.java:473)
	at org.openqa.selenium.By$ByXPath.findElement(By.java:361)
	at org.openqa.selenium.remote.RemoteWebDriver.findElement(RemoteWebDriver.java:363)
	at org.openqa.selenium.support.pagefactory.DefaultElementLocator.findElement(DefaultElementLocator.java:69)
	at org.openqa.selenium.support.pagefactory.internal.LocatingElementHandler.invoke(LocatingElementHandler.java:38)
	at com.sun.proxy.$Proxy12.click(Unknown Source)
	at com.test.automation.uiAutomation.uiActions.HomePage.loginToApplication(HomePage.java:45)
	at com.test.automation.uiAutomation.homepage.TC002_VerifyLoginWithInvalidCredentials.verifyLoginWithvalidCredentials(TC002_VerifyLoginWithInvalidCredentials.java:40)
... Removed 29 stack frames
</div> <!-- stack-trace -->
                </div> <!-- method-content -->
              </div> <!-- method -->
              <div class="method">
                <div class="method-content">
                  <a name="verifyLoginWithvalidCredentials(xyz7@gmail.com, welcome2, y)">
                  </a> <!-- verifyLoginWithvalidCredentials(xyz7@gmail.com, welcome2, y) -->
                  <span class="method-name">verifyLoginWithvalidCredentials</span>
                  <span class="parameters">(xyz7@gmail.com, welcome2, y)</span>
                  <div class="stack-trace">org.openqa.selenium.NoSuchElementException: no such element: Unable to locate element: {&quot;method&quot;:&quot;xpath&quot;,&quot;selector&quot;:&quot;//button[@id=&apos;SubmitLogin1&apos;]&quot;}
  (Session info: chrome=64.0.3282.186)
  (Driver info: chromedriver=2.35.528161 (5b82f2d2aae0ca24b877009200ced9065a772e73),platform=Windows NT 6.1.7600 x86_64) (WARNING: The server did not provide any stacktrace information)
Command duration or timeout: 0 milliseconds
For documentation on this error, please visit: http://seleniumhq.org/exceptions/no_such_element.html
Build info: version: &apos;3.8.1&apos;, revision: &apos;6e95a6684b&apos;, time: &apos;2017-12-01T18:33:54.468Z&apos;
System info: host: &apos;WIN7-PC&apos;, ip: &apos;192.168.43.249&apos;, os.name: &apos;Windows 7&apos;, os.arch: &apos;amd64&apos;, os.version: &apos;6.1&apos;, java.version: &apos;1.8.0_152&apos;
Driver info: org.openqa.selenium.chrome.ChromeDriver
Capabilities {acceptInsecureCerts: false, acceptSslCerts: false, applicationCacheEnabled: false, browserConnectionEnabled: false, browserName: chrome, chrome: {chromedriverVersion: 2.35.528161 (5b82f2d2aae0ca..., userDataDir: C:\Users\win7\AppData\Local...}, cssSelectorsEnabled: true, databaseEnabled: false, handlesAlerts: true, hasTouchScreen: false, javascriptEnabled: true, locationContextEnabled: true, mobileEmulationEnabled: false, nativeEvents: true, networkConnectionEnabled: false, pageLoadStrategy: normal, platform: XP, platformName: XP, rotatable: false, setWindowRect: true, takesHeapSnapshot: true, takesScreenshot: true, unexpectedAlertBehaviour: , unhandledPromptBehavior: , version: 64.0.3282.186, webStorageEnabled: true}
Session ID: 0022be8a7644042bdbb3550b1f65c4ec
*** Element info: {Using=xpath, value=//button[@id=&apos;SubmitLogin1&apos;]}
	at org.openqa.selenium.remote.ErrorHandler.createThrowable(ErrorHandler.java:214)
	at org.openqa.selenium.remote.ErrorHandler.throwIfResponseFailed(ErrorHandler.java:166)
	at org.openqa.selenium.remote.http.JsonHttpResponseCodec.reconstructValue(JsonHttpResponseCodec.java:40)
	at org.openqa.selenium.remote.http.AbstractHttpResponseCodec.decode(AbstractHttpResponseCodec.java:80)
	at org.openqa.selenium.remote.http.AbstractHttpResponseCodec.decode(AbstractHttpResponseCodec.java:44)
	at org.openqa.selenium.remote.HttpCommandExecutor.execute(HttpCommandExecutor.java:164)
	at org.openqa.selenium.remote.service.DriverCommandExecutor.execute(DriverCommandExecutor.java:83)
	at org.openqa.selenium.remote.RemoteWebDriver.execute(RemoteWebDriver.java:601)
	at org.openqa.selenium.remote.RemoteWebDriver.findElement(RemoteWebDriver.java:371)
	at org.openqa.selenium.remote.RemoteWebDriver.findElementByXPath(RemoteWebDriver.java:473)
	at org.openqa.selenium.By$ByXPath.findElement(By.java:361)
	at org.openqa.selenium.remote.RemoteWebDriver.findElement(RemoteWebDriver.java:363)
	at org.openqa.selenium.support.pagefactory.DefaultElementLocator.findElement(DefaultElementLocator.java:69)
	at org.openqa.selenium.support.pagefactory.internal.LocatingElementHandler.invoke(LocatingElementHandler.java:38)
	at com.sun.proxy.$Proxy12.click(Unknown Source)
	at com.test.automation.uiAutomation.uiActions.HomePage.loginToApplication(HomePage.java:45)
	at com.test.automation.uiAutomation.homepage.TC002_VerifyLoginWithInvalidCredentials.verifyLoginWithvalidCredentials(TC002_VerifyLoginWithInvalidCredentials.java:40)
... Removed 29 stack frames
</div> <!-- stack-trace -->
                </div> <!-- method-content -->
              </div> <!-- method -->
              <div class="method">
                <div class="method-content">
                  <a name="verifyLoginWithvalidCredentials(abc5@gmail.com, welcome, y)">
                  </a> <!-- verifyLoginWithvalidCredentials(abc5@gmail.com, welcome, y) -->
                  <span class="method-name">verifyLoginWithvalidCredentials</span>
                  <span class="parameters">(abc5@gmail.com, welcome, y)</span>
                  <div class="stack-trace">org.openqa.selenium.NoSuchElementException: no such element: Unable to locate element: {&quot;method&quot;:&quot;xpath&quot;,&quot;selector&quot;:&quot;//button[@id=&apos;SubmitLogin1&apos;]&quot;}
  (Session info: chrome=64.0.3282.186)
  (Driver info: chromedriver=2.35.528161 (5b82f2d2aae0ca24b877009200ced9065a772e73),platform=Windows NT 6.1.7600 x86_64) (WARNING: The server did not provide any stacktrace information)
Command duration or timeout: 0 milliseconds
For documentation on this error, please visit: http://seleniumhq.org/exceptions/no_such_element.html
Build info: version: &apos;3.8.1&apos;, revision: &apos;6e95a6684b&apos;, time: &apos;2017-12-01T18:33:54.468Z&apos;
System info: host: &apos;WIN7-PC&apos;, ip: &apos;192.168.43.249&apos;, os.name: &apos;Windows 7&apos;, os.arch: &apos;amd64&apos;, os.version: &apos;6.1&apos;, java.version: &apos;1.8.0_152&apos;
Driver info: org.openqa.selenium.chrome.ChromeDriver
Capabilities {acceptInsecureCerts: false, acceptSslCerts: false, applicationCacheEnabled: false, browserConnectionEnabled: false, browserName: chrome, chrome: {chromedriverVersion: 2.35.528161 (5b82f2d2aae0ca..., userDataDir: C:\Users\win7\AppData\Local...}, cssSelectorsEnabled: true, databaseEnabled: false, handlesAlerts: true, hasTouchScreen: false, javascriptEnabled: true, locationContextEnabled: true, mobileEmulationEnabled: false, nativeEvents: true, networkConnectionEnabled: false, pageLoadStrategy: normal, platform: XP, platformName: XP, rotatable: false, setWindowRect: true, takesHeapSnapshot: true, takesScreenshot: true, unexpectedAlertBehaviour: , unhandledPromptBehavior: , version: 64.0.3282.186, webStorageEnabled: true}
Session ID: 0022be8a7644042bdbb3550b1f65c4ec
*** Element info: {Using=xpath, value=//button[@id=&apos;SubmitLogin1&apos;]}
	at org.openqa.selenium.remote.ErrorHandler.createThrowable(ErrorHandler.java:214)
	at org.openqa.selenium.remote.ErrorHandler.throwIfResponseFailed(ErrorHandler.java:166)
	at org.openqa.selenium.remote.http.JsonHttpResponseCodec.reconstructValue(JsonHttpResponseCodec.java:40)
	at org.openqa.selenium.remote.http.AbstractHttpResponseCodec.decode(AbstractHttpResponseCodec.java:80)
	at org.openqa.selenium.remote.http.AbstractHttpResponseCodec.decode(AbstractHttpResponseCodec.java:44)
	at org.openqa.selenium.remote.HttpCommandExecutor.execute(HttpCommandExecutor.java:164)
	at org.openqa.selenium.remote.service.DriverCommandExecutor.execute(DriverCommandExecutor.java:83)
	at org.openqa.selenium.remote.RemoteWebDriver.execute(RemoteWebDriver.java:601)
	at org.openqa.selenium.remote.RemoteWebDriver.findElement(RemoteWebDriver.java:371)
	at org.openqa.selenium.remote.RemoteWebDriver.findElementByXPath(RemoteWebDriver.java:473)
	at org.openqa.selenium.By$ByXPath.findElement(By.java:361)
	at org.openqa.selenium.remote.RemoteWebDriver.findElement(RemoteWebDriver.java:363)
	at org.openqa.selenium.support.pagefactory.DefaultElementLocator.findElement(DefaultElementLocator.java:69)
	at org.openqa.selenium.support.pagefactory.internal.LocatingElementHandler.invoke(LocatingElementHandler.java:38)
	at com.sun.proxy.$Proxy12.click(Unknown Source)
	at com.test.automation.uiAutomation.uiActions.HomePage.loginToApplication(HomePage.java:45)
	at com.test.automation.uiAutomation.homepage.TC002_VerifyLoginWithInvalidCredentials.verifyLoginWithvalidCredentials(TC002_VerifyLoginWithInvalidCredentials.java:40)
... Removed 29 stack frames
</div> <!-- stack-trace -->
                </div> <!-- method-content -->
              </div> <!-- method -->
            </div> <!-- main-panel-content rounded-window-bottom -->
          </div> <!-- suite-Regression_Suite-class-failed -->
          <div class="suite-Regression_Suite-class-skipped">
            <div class="main-panel-header rounded-window-top">
              <img src="skipped.png"/>
              <span class="class-name">com.test.automation.uiAutomation.homepage.TC002_VerifyLoginWithInvalidCredentials</span>
            </div> <!-- main-panel-header rounded-window-top -->
            <div class="main-panel-content rounded-window-bottom">
              <div class="method">
                <div class="method-content">
                  <a name="verifyLoginWithvalidCredentials(smanickarajanskf@gmail.com, subrajsub, y)">
                  </a> <!-- verifyLoginWithvalidCredentials(smanickarajanskf@gmail.com, subrajsub, y) -->
                  <span class="method-name">verifyLoginWithvalidCredentials</span>
                  <span class="parameters">(smanickarajanskf@gmail.com, subrajsub, y)</span>
                  <div class="stack-trace">org.openqa.selenium.NoSuchElementException: no such element: Unable to locate element: {&quot;method&quot;:&quot;xpath&quot;,&quot;selector&quot;:&quot;//button[@id=&apos;SubmitLogin1&apos;]&quot;}
  (Session info: chrome=64.0.3282.186)
  (Driver info: chromedriver=2.35.528161 (5b82f2d2aae0ca24b877009200ced9065a772e73),platform=Windows NT 6.1.7600 x86_64) (WARNING: The server did not provide any stacktrace information)
Command duration or timeout: 0 milliseconds
For documentation on this error, please visit: http://seleniumhq.org/exceptions/no_such_element.html
Build info: version: &apos;3.8.1&apos;, revision: &apos;6e95a6684b&apos;, time: &apos;2017-12-01T18:33:54.468Z&apos;
System info: host: &apos;WIN7-PC&apos;, ip: &apos;192.168.43.249&apos;, os.name: &apos;Windows 7&apos;, os.arch: &apos;amd64&apos;, os.version: &apos;6.1&apos;, java.version: &apos;1.8.0_152&apos;
Driver info: org.openqa.selenium.chrome.ChromeDriver
Capabilities {acceptInsecureCerts: false, acceptSslCerts: false, applicationCacheEnabled: false, browserConnectionEnabled: false, browserName: chrome, chrome: {chromedriverVersion: 2.35.528161 (5b82f2d2aae0ca..., userDataDir: C:\Users\win7\AppData\Local...}, cssSelectorsEnabled: true, databaseEnabled: false, handlesAlerts: true, hasTouchScreen: false, javascriptEnabled: true, locationContextEnabled: true, mobileEmulationEnabled: false, nativeEvents: true, networkConnectionEnabled: false, pageLoadStrategy: normal, platform: XP, platformName: XP, rotatable: false, setWindowRect: true, takesHeapSnapshot: true, takesScreenshot: true, unexpectedAlertBehaviour: , unhandledPromptBehavior: , version: 64.0.3282.186, webStorageEnabled: true}
Session ID: 0022be8a7644042bdbb3550b1f65c4ec
*** Element info: {Using=xpath, value=//button[@id=&apos;SubmitLogin1&apos;]}
	at org.openqa.selenium.remote.ErrorHandler.createThrowable(ErrorHandler.java:214)
	at org.openqa.selenium.remote.ErrorHandler.throwIfResponseFailed(ErrorHandler.java:166)
	at org.openqa.selenium.remote.http.JsonHttpResponseCodec.reconstructValue(JsonHttpResponseCodec.java:40)
	at org.openqa.selenium.remote.http.AbstractHttpResponseCodec.decode(AbstractHttpResponseCodec.java:80)
	at org.openqa.selenium.remote.http.AbstractHttpResponseCodec.decode(AbstractHttpResponseCodec.java:44)
	at org.openqa.selenium.remote.HttpCommandExecutor.execute(HttpCommandExecutor.java:164)
	at org.openqa.selenium.remote.service.DriverCommandExecutor.execute(DriverCommandExecutor.java:83)
	at org.openqa.selenium.remote.RemoteWebDriver.execute(RemoteWebDriver.java:601)
	at org.openqa.selenium.remote.RemoteWebDriver.findElement(RemoteWebDriver.java:371)
	at org.openqa.selenium.remote.RemoteWebDriver.findElementByXPath(RemoteWebDriver.java:473)
	at org.openqa.selenium.By$ByXPath.findElement(By.java:361)
	at org.openqa.selenium.remote.RemoteWebDriver.findElement(RemoteWebDriver.java:363)
	at org.openqa.selenium.support.pagefactory.DefaultElementLocator.findElement(DefaultElementLocator.java:69)
	at org.openqa.selenium.support.pagefactory.internal.LocatingElementHandler.invoke(LocatingElementHandler.java:38)
	at com.sun.proxy.$Proxy12.click(Unknown Source)
	at com.test.automation.uiAutomation.uiActions.HomePage.loginToApplication(HomePage.java:45)
	at com.test.automation.uiAutomation.homepage.TC002_VerifyLoginWithInvalidCredentials.verifyLoginWithvalidCredentials(TC002_VerifyLoginWithInvalidCredentials.java:40)
... Removed 29 stack frames
</div> <!-- stack-trace -->
                </div> <!-- method-content -->
              </div> <!-- method -->
              <div class="method">
                <div class="method-content">
                  <a name="verifyLoginWithvalidCredentials(def6@gmail.com, welcome1, n)">
                  </a> <!-- verifyLoginWithvalidCredentials(def6@gmail.com, welcome1, n) -->
                  <span class="method-name">verifyLoginWithvalidCredentials</span>
                  <span class="parameters">(def6@gmail.com, welcome1, n)</span>
                  <div class="stack-trace">org.testng.SkipException:  User marked as no run
	at com.test.automation.uiAutomation.homepage.TC002_VerifyLoginWithInvalidCredentials.verifyLoginWithvalidCredentials(TC002_VerifyLoginWithInvalidCredentials.java:36)
... Removed 25 stack frames
</div> <!-- stack-trace -->
                </div> <!-- method-content -->
              </div> <!-- method -->
              <div class="method">
                <div class="method-content">
                  <a name="verifyLoginWithvalidCredentials(def6@gmail.com, welcome1, n)">
                  </a> <!-- verifyLoginWithvalidCredentials(def6@gmail.com, welcome1, n) -->
                  <span class="method-name">verifyLoginWithvalidCredentials</span>
                  <span class="parameters">(def6@gmail.com, welcome1, n)</span>
                  <div class="stack-trace">org.testng.SkipException:  User marked as no run
	at com.test.automation.uiAutomation.homepage.TC002_VerifyLoginWithInvalidCredentials.verifyLoginWithvalidCredentials(TC002_VerifyLoginWithInvalidCredentials.java:36)
... Removed 25 stack frames
</div> <!-- stack-trace -->
                </div> <!-- method-content -->
              </div> <!-- method -->
            </div> <!-- main-panel-content rounded-window-bottom -->
          </div> <!-- suite-Regression_Suite-class-skipped -->
        </div> <!-- panel Regression_Suite -->
        <div panel-name="test-xml-Regression_Suite" class="panel">
          <div class="main-panel-header rounded-window-top">
            <span class="header-content">E:\POM Framework\uiAutomation\testNG.xml</span>
          </div> <!-- main-panel-header rounded-window-top -->
          <div class="main-panel-content rounded-window-bottom">
            <pre>
&lt;?xml version=&quot;1.0&quot; encoding=&quot;UTF-8&quot;?&gt;
&lt;!DOCTYPE suite SYSTEM &quot;http://testng.org/testng-1.0.dtd&quot;&gt;
&lt;suite thread-count=&quot;-1&quot; guice-stage=&quot;DEVELOPMENT&quot; name=&quot;Regression Suite&quot;&gt;
  &lt;listeners&gt;
    &lt;listener class-name=&quot;com.test.automation.uiAutomation.customListner.Listner&quot;/&gt;
    &lt;listener class-name=&quot;com.test.automation.uiAutomation.customListner.RetryListner&quot;/&gt;
  &lt;/listeners&gt;
  &lt;test name=&quot;Test&quot;&gt;
    &lt;classes&gt;
      &lt;class name=&quot;com.test.automation.uiAutomation.homepage.TC002_VerifyLoginWithInvalidCredentials&quot;/&gt;
    &lt;/classes&gt;
  &lt;/test&gt; &lt;!-- Test --&gt;
&lt;/suite&gt; &lt;!-- Regression Suite --&gt;
            </pre>
          </div> <!-- main-panel-content rounded-window-bottom -->
        </div> <!-- panel -->
        <div panel-name="testlist-Regression_Suite" class="panel">
          <div class="main-panel-header rounded-window-top">
            <span class="header-content">Tests for Regression Suite</span>
          </div> <!-- main-panel-header rounded-window-top -->
          <div class="main-panel-content rounded-window-bottom">
            <ul>
              <li>
                <span class="test-name">Test (1 class)</span>
              </li>
            </ul>
          </div> <!-- main-panel-content rounded-window-bottom -->
        </div> <!-- panel -->
        <div panel-name="group-Regression_Suite" class="panel">
          <div class="main-panel-header rounded-window-top">
            <span class="header-content">Groups for Regression Suite</span>
          </div> <!-- main-panel-header rounded-window-top -->
          <div class="main-panel-content rounded-window-bottom">
          </div> <!-- main-panel-content rounded-window-bottom -->
        </div> <!-- panel -->
        <div panel-name="times-Regression_Suite" class="panel">
          <div class="main-panel-header rounded-window-top">
            <span class="header-content">Times for Regression Suite</span>
          </div> <!-- main-panel-header rounded-window-top -->
          <div class="main-panel-content rounded-window-bottom">
            <div class="times-div">
              <script type="text/javascript">
suiteTableInitFunctions.push('tableData_Regression_Suite');
function tableData_Regression_Suite() {
var data = new google.visualization.DataTable();
data.addColumn('number', 'Number');
data.addColumn('string', 'Method');
data.addColumn('string', 'Class');
data.addColumn('number', 'Time (ms)');
data.addRows(8);
data.setCell(0, 0, 0)
data.setCell(0, 1, 'verifyLoginWithvalidCredentials')
data.setCell(0, 2, 'com.test.automation.uiAutomation.homepage.TC002_VerifyLoginWithInvalidCredentials')
data.setCell(0, 3, 65158);
data.setCell(1, 0, 1)
data.setCell(1, 1, 'verifyLoginWithvalidCredentials')
data.setCell(1, 2, 'com.test.automation.uiAutomation.homepage.TC002_VerifyLoginWithInvalidCredentials')
data.setCell(1, 3, 65109);
data.setCell(2, 0, 2)
data.setCell(2, 1, 'verifyLoginWithvalidCredentials')
data.setCell(2, 2, 'com.test.automation.uiAutomation.homepage.TC002_VerifyLoginWithInvalidCredentials')
data.setCell(2, 3, 64648);
data.setCell(3, 0, 3)
data.setCell(3, 1, 'verifyLoginWithvalidCredentials')
data.setCell(3, 2, 'com.test.automation.uiAutomation.homepage.TC002_VerifyLoginWithInvalidCredentials')
data.setCell(3, 3, 63912);
data.setCell(4, 0, 4)
data.setCell(4, 1, 'verifyLoginWithvalidCredentials')
data.setCell(4, 2, 'com.test.automation.uiAutomation.homepage.TC002_VerifyLoginWithInvalidCredentials')
data.setCell(4, 3, 63823);
data.setCell(5, 0, 5)
data.setCell(5, 1, 'verifyLoginWithvalidCredentials')
data.setCell(5, 2, 'com.test.automation.uiAutomation.homepage.TC002_VerifyLoginWithInvalidCredentials')
data.setCell(5, 3, 63355);
data.setCell(6, 0, 6)
data.setCell(6, 1, 'verifyLoginWithvalidCredentials')
data.setCell(6, 2, 'com.test.automation.uiAutomation.homepage.TC002_VerifyLoginWithInvalidCredentials')
data.setCell(6, 3, 2);
data.setCell(7, 0, 7)
data.setCell(7, 1, 'verifyLoginWithvalidCredentials')
data.setCell(7, 2, 'com.test.automation.uiAutomation.homepage.TC002_VerifyLoginWithInvalidCredentials')
data.setCell(7, 3, 2);
window.suiteTableData['Regression_Suite']= { tableData: data, tableDiv: 'times-div-Regression_Suite'}
return data;
}
              </script>
              <span class="suite-total-time">Total running time: 6 minutes</span>
              <div id="times-div-Regression_Suite">
              </div> <!-- times-div-Regression_Suite -->
            </div> <!-- times-div -->
          </div> <!-- main-panel-content rounded-window-bottom -->
        </div> <!-- panel -->
        <div panel-name="reporter-Regression_Suite" class="panel">
          <div class="main-panel-header rounded-window-top">
            <span class="header-content">Reporter output for Regression Suite</span>
          </div> <!-- main-panel-header rounded-window-top -->
          <div class="main-panel-content rounded-window-bottom">
            <div class="reporter-method-div">
              <span class="reporter-method-name">verifyLoginWithvalidCredentials(smanickarajanskf@gmail.com, subrajsub, y)</span>
              <div class="reporter-method-output-div">
                <span class="reporter-method-output"> Test Started running :verifyLoginWithvalidCredentials</span>
                <span class="reporter-method-output">=========== Starting verifyLoginWithvalidCredentials=======</span>
                <span class="reporter-method-output"> Clicked on Sign in[[ChromeDriver: chrome on XP (0022be8a7644042bdbb3550b1f65c4ec)] -> xpath: //A[@class='login']]</span>
                <span class="reporter-method-output"> Entered the email addresssmanickarajanskf@gmail.com object is [[ChromeDriver: chrome on XP (0022be8a7644042bdbb3550b1f65c4ec)] -> xpath: //INPUT[@id='email']]</span>
                <span class="reporter-method-output"> Entered the email addresssubrajsub object is [[ChromeDriver: chrome on XP (0022be8a7644042bdbb3550b1f65c4ec)] -> xpath: //INPUT[@id='passwd']]</span>
                <span class="reporter-method-output">test failure</span>
                <span class="reporter-method-output"><a href='E:\POM Framework\uiAutomation\src\main\java\com\test\automation\uiAutomation\screenshot\failure_screenshots\verifyLoginWithvalidCredentials_08_03_2018_10_08_07.png'> <img src='E:\POM Framework\uiAutomation\src\main\java\com\test\automation\uiAutomation\screenshot\failure_screenshots\verifyLoginWithvalidCredentials_08_03_2018_10_08_07.png' height='100' width='100'/> </a></span>
              </div> <!-- reporter-method-output-div -->
            </div> <!-- reporter-method-div -->
            <div class="reporter-method-div">
              <span class="reporter-method-name">verifyLoginWithvalidCredentials(xyz7@gmail.com, welcome2, y)</span>
              <div class="reporter-method-output-div">
                <span class="reporter-method-output"> Test Started running :verifyLoginWithvalidCredentials</span>
                <span class="reporter-method-output">=========== Starting verifyLoginWithvalidCredentials=======</span>
                <span class="reporter-method-output"> Clicked on Sign in[[ChromeDriver: chrome on XP (0022be8a7644042bdbb3550b1f65c4ec)] -> xpath: //A[@class='login']]</span>
                <span class="reporter-method-output"> Entered the email addressxyz7@gmail.com object is [[ChromeDriver: chrome on XP (0022be8a7644042bdbb3550b1f65c4ec)] -> xpath: //INPUT[@id='email']]</span>
                <span class="reporter-method-output"> Entered the email addresswelcome2 object is [[ChromeDriver: chrome on XP (0022be8a7644042bdbb3550b1f65c4ec)] -> xpath: //INPUT[@id='passwd']]</span>
                <span class="reporter-method-output">test failure</span>
                <span class="reporter-method-output"><a href='E:\POM Framework\uiAutomation\src\main\java\com\test\automation\uiAutomation\screenshot\failure_screenshots\verifyLoginWithvalidCredentials_08_03_2018_10_11_22.png'> <img src='E:\POM Framework\uiAutomation\src\main\java\com\test\automation\uiAutomation\screenshot\failure_screenshots\verifyLoginWithvalidCredentials_08_03_2018_10_11_22.png' height='100' width='100'/> </a></span>
              </div> <!-- reporter-method-output-div -->
            </div> <!-- reporter-method-div -->
            <div class="reporter-method-div">
              <span class="reporter-method-name">verifyLoginWithvalidCredentials(abc5@gmail.com, welcome, y)</span>
              <div class="reporter-method-output-div">
                <span class="reporter-method-output"> Test Started running :verifyLoginWithvalidCredentials</span>
                <span class="reporter-method-output">=========== Starting verifyLoginWithvalidCredentials=======</span>
                <span class="reporter-method-output"> Clicked on Sign in[[ChromeDriver: chrome on XP (0022be8a7644042bdbb3550b1f65c4ec)] -> xpath: //A[@class='login']]</span>
                <span class="reporter-method-output"> Entered the email addressabc5@gmail.com object is [[ChromeDriver: chrome on XP (0022be8a7644042bdbb3550b1f65c4ec)] -> xpath: //INPUT[@id='email']]</span>
                <span class="reporter-method-output"> Entered the email addresswelcome object is [[ChromeDriver: chrome on XP (0022be8a7644042bdbb3550b1f65c4ec)] -> xpath: //INPUT[@id='passwd']]</span>
                <span class="reporter-method-output">test failure</span>
                <span class="reporter-method-output"><a href='E:\POM Framework\uiAutomation\src\main\java\com\test\automation\uiAutomation\screenshot\failure_screenshots\verifyLoginWithvalidCredentials_08_03_2018_10_10_17.png'> <img src='E:\POM Framework\uiAutomation\src\main\java\com\test\automation\uiAutomation\screenshot\failure_screenshots\verifyLoginWithvalidCredentials_08_03_2018_10_10_17.png' height='100' width='100'/> </a></span>
              </div> <!-- reporter-method-output-div -->
            </div> <!-- reporter-method-div -->
            <div class="reporter-method-div">
              <span class="reporter-method-name">verifyLoginWithvalidCredentials(xyz7@gmail.com, welcome2, y)</span>
              <div class="reporter-method-output-div">
                <span class="reporter-method-output"> Test Started running :verifyLoginWithvalidCredentials</span>
                <span class="reporter-method-output">=========== Starting verifyLoginWithvalidCredentials=======</span>
                <span class="reporter-method-output"> Clicked on Sign in[[ChromeDriver: chrome on XP (0022be8a7644042bdbb3550b1f65c4ec)] -> xpath: //A[@class='login']]</span>
                <span class="reporter-method-output"> Entered the email addressxyz7@gmail.com object is [[ChromeDriver: chrome on XP (0022be8a7644042bdbb3550b1f65c4ec)] -> xpath: //INPUT[@id='email']]</span>
                <span class="reporter-method-output"> Entered the email addresswelcome2 object is [[ChromeDriver: chrome on XP (0022be8a7644042bdbb3550b1f65c4ec)] -> xpath: //INPUT[@id='passwd']]</span>
                <span class="reporter-method-output">test failure</span>
                <span class="reporter-method-output"><a href='E:\POM Framework\uiAutomation\src\main\java\com\test\automation\uiAutomation\screenshot\failure_screenshots\verifyLoginWithvalidCredentials_08_03_2018_10_12_26.png'> <img src='E:\POM Framework\uiAutomation\src\main\java\com\test\automation\uiAutomation\screenshot\failure_screenshots\verifyLoginWithvalidCredentials_08_03_2018_10_12_26.png' height='100' width='100'/> </a></span>
              </div> <!-- reporter-method-output-div -->
            </div> <!-- reporter-method-div -->
            <div class="reporter-method-div">
              <span class="reporter-method-name">verifyLoginWithvalidCredentials(abc5@gmail.com, welcome, y)</span>
              <div class="reporter-method-output-div">
                <span class="reporter-method-output"> Test Started running :verifyLoginWithvalidCredentials</span>
                <span class="reporter-method-output">=========== Starting verifyLoginWithvalidCredentials=======</span>
                <span class="reporter-method-output"> Clicked on Sign in[[ChromeDriver: chrome on XP (0022be8a7644042bdbb3550b1f65c4ec)] -> xpath: //A[@class='login']]</span>
                <span class="reporter-method-output"> Entered the email addressabc5@gmail.com object is [[ChromeDriver: chrome on XP (0022be8a7644042bdbb3550b1f65c4ec)] -> xpath: //INPUT[@id='email']]</span>
                <span class="reporter-method-output"> Entered the email addresswelcome object is [[ChromeDriver: chrome on XP (0022be8a7644042bdbb3550b1f65c4ec)] -> xpath: //INPUT[@id='passwd']]</span>
                <span class="reporter-method-output">test failure</span>
                <span class="reporter-method-output"><a href='E:\POM Framework\uiAutomation\src\main\java\com\test\automation\uiAutomation\screenshot\failure_screenshots\verifyLoginWithvalidCredentials_08_03_2018_10_09_13.png'> <img src='E:\POM Framework\uiAutomation\src\main\java\com\test\automation\uiAutomation\screenshot\failure_screenshots\verifyLoginWithvalidCredentials_08_03_2018_10_09_13.png' height='100' width='100'/> </a></span>
              </div> <!-- reporter-method-output-div -->
            </div> <!-- reporter-method-div -->
            <div class="reporter-method-div">
              <span class="reporter-method-name">verifyLoginWithvalidCredentials(smanickarajanskf@gmail.com, subrajsub, y)</span>
              <div class="reporter-method-output-div">
                <span class="reporter-method-output"> Test Started running :verifyLoginWithvalidCredentials</span>
                <span class="reporter-method-output">=========== Starting verifyLoginWithvalidCredentials=======</span>
                <span class="reporter-method-output"> Clicked on Sign in[[ChromeDriver: chrome on XP (0022be8a7644042bdbb3550b1f65c4ec)] -> xpath: //A[@class='login']]</span>
                <span class="reporter-method-output"> Entered the email addresssmanickarajanskf@gmail.com object is [[ChromeDriver: chrome on XP (0022be8a7644042bdbb3550b1f65c4ec)] -> xpath: //INPUT[@id='email']]</span>
                <span class="reporter-method-output"> Entered the email addresssubrajsub object is [[ChromeDriver: chrome on XP (0022be8a7644042bdbb3550b1f65c4ec)] -> xpath: //INPUT[@id='passwd']]</span>
                <span class="reporter-method-output">Retrying Test verifyLoginWithvalidCredentials with status FAIL for the try 1 time(s) </span>
                <span class="reporter-method-output"> Test skipped running :verifyLoginWithvalidCredentials</span>
              </div> <!-- reporter-method-output-div -->
            </div> <!-- reporter-method-div -->
            <div class="reporter-method-div">
              <span class="reporter-method-name">verifyLoginWithvalidCredentials(def6@gmail.com, welcome1, n)</span>
              <div class="reporter-method-output-div">
                <span class="reporter-method-output"> Test Started running :verifyLoginWithvalidCredentials</span>
                <span class="reporter-method-output"> Test skipped running :verifyLoginWithvalidCredentials</span>
              </div> <!-- reporter-method-output-div -->
            </div> <!-- reporter-method-div -->
            <div class="reporter-method-div">
              <span class="reporter-method-name">verifyLoginWithvalidCredentials(def6@gmail.com, welcome1, n)</span>
              <div class="reporter-method-output-div">
                <span class="reporter-method-output"> Test Started running :verifyLoginWithvalidCredentials</span>
                <span class="reporter-method-output"> Test skipped running :verifyLoginWithvalidCredentials</span>
              </div> <!-- reporter-method-output-div -->
            </div> <!-- reporter-method-div -->
          </div> <!-- main-panel-content rounded-window-bottom -->
        </div> <!-- panel -->
        <div panel-name="ignored-methods-Regression_Suite" class="panel">
          <div class="main-panel-header rounded-window-top">
            <span class="header-content">0 ignored methods</span>
          </div> <!-- main-panel-header rounded-window-top -->
          <div class="main-panel-content rounded-window-bottom">
          </div> <!-- main-panel-content rounded-window-bottom -->
        </div> <!-- panel -->
        <div panel-name="chronological-Regression_Suite" class="panel">
          <div class="main-panel-header rounded-window-top">
            <span class="header-content">Methods in chronological order</span>
          </div> <!-- main-panel-header rounded-window-top -->
          <div class="main-panel-content rounded-window-bottom">
            <div class="chronological-class">
              <div class="chronological-class-name">com.test.automation.uiAutomation.homepage.TC002_VerifyLoginWithInvalidCredentials</div> <!-- chronological-class-name -->
              <div class="configuration-class before">
                <span class="method-name">setUp</span>
                <span class="method-start">0 ms</span>
              </div> <!-- configuration-class before -->
              <div class="configuration-method before">
                <span class="method-name">beforeMethod(public void com.test.automation.uiAutomation.homepage.TC002_VerifyLoginWithInvalidCredentials.verify...)</span>
                <span class="method-start">21409 ms</span>
              </div> <!-- configuration-method before -->
              <div class="test-method">
                <span class="method-name">verifyLoginWithvalidCredentials(smanickarajanskf@gmail.com, subrajsub, y)</span>
                <span class="method-start">21414 ms</span>
              </div> <!-- test-method -->
              <div class="configuration-method after">
                <span class="method-name">afterMethod([TestResult name=verifyLoginWithvalidCredentials status=SKIP method=TC002_VerifyLoginWithInvalidCred...)</span>
                <span class="method-start">86585 ms</span>
              </div> <!-- configuration-method after -->
              <div class="configuration-method before">
                <span class="method-name">beforeMethod(public void com.test.automation.uiAutomation.homepage.TC002_VerifyLoginWithInvalidCredentials.verify...)</span>
                <span class="method-start">86714 ms</span>
              </div> <!-- configuration-method before -->
              <div class="test-method">
                <img src="failed.png">
                </img>
                <span class="method-name">verifyLoginWithvalidCredentials(smanickarajanskf@gmail.com, subrajsub, y)</span>
                <span class="method-start">86715 ms</span>
              </div> <!-- test-method -->
              <div class="configuration-method after">
                <span class="method-name">afterMethod([TestResult name=verifyLoginWithvalidCredentials status=FAILURE method=TC002_VerifyLoginWithInvalidC...)</span>
                <span class="method-start">152330 ms</span>
              </div> <!-- configuration-method after -->
              <div class="configuration-method before">
                <span class="method-name">beforeMethod(public void com.test.automation.uiAutomation.homepage.TC002_VerifyLoginWithInvalidCredentials.verify...)</span>
                <span class="method-start">152732 ms</span>
              </div> <!-- configuration-method before -->
              <div class="test-method">
                <img src="failed.png">
                </img>
                <span class="method-name">verifyLoginWithvalidCredentials(abc5@gmail.com, welcome, y)</span>
                <span class="method-start">152732 ms</span>
              </div> <!-- test-method -->
              <div class="configuration-method after">
                <span class="method-name">afterMethod([TestResult name=verifyLoginWithvalidCredentials status=FAILURE method=TC002_VerifyLoginWithInvalidC...)</span>
                <span class="method-start">217749 ms</span>
              </div> <!-- configuration-method after -->
              <div class="configuration-method before">
                <span class="method-name">beforeMethod(public void com.test.automation.uiAutomation.homepage.TC002_VerifyLoginWithInvalidCredentials.verify...)</span>
                <span class="method-start">218333 ms</span>
              </div> <!-- configuration-method before -->
              <div class="test-method">
                <img src="failed.png">
                </img>
                <span class="method-name">verifyLoginWithvalidCredentials(abc5@gmail.com, welcome, y)</span>
                <span class="method-start">218333 ms</span>
              </div> <!-- test-method -->
              <div class="configuration-method after">
                <span class="method-name">afterMethod([TestResult name=verifyLoginWithvalidCredentials status=FAILURE method=TC002_VerifyLoginWithInvalidC...)</span>
                <span class="method-start">282568 ms</span>
              </div> <!-- configuration-method after -->
              <div class="configuration-method before">
                <span class="method-name">beforeMethod(public void com.test.automation.uiAutomation.homepage.TC002_VerifyLoginWithInvalidCredentials.verify...)</span>
                <span class="method-start">282916 ms</span>
              </div> <!-- configuration-method before -->
              <div class="test-method">
                <span class="method-name">verifyLoginWithvalidCredentials(def6@gmail.com, welcome1, n)</span>
                <span class="method-start">282917 ms</span>
              </div> <!-- test-method -->
              <div class="configuration-method after">
                <span class="method-name">afterMethod([TestResult name=verifyLoginWithvalidCredentials status=SKIP method=TC002_VerifyLoginWithInvalidCred...)</span>
                <span class="method-start">282921 ms</span>
              </div> <!-- configuration-method after -->
              <div class="configuration-method before">
                <span class="method-name">beforeMethod(public void com.test.automation.uiAutomation.homepage.TC002_VerifyLoginWithInvalidCredentials.verify...)</span>
                <span class="method-start">282994 ms</span>
              </div> <!-- configuration-method before -->
              <div class="test-method">
                <span class="method-name">verifyLoginWithvalidCredentials(def6@gmail.com, welcome1, n)</span>
                <span class="method-start">282995 ms</span>
              </div> <!-- test-method -->
              <div class="configuration-method after">
                <span class="method-name">afterMethod([TestResult name=verifyLoginWithvalidCredentials status=SKIP method=TC002_VerifyLoginWithInvalidCred...)</span>
                <span class="method-start">282999 ms</span>
              </div> <!-- configuration-method after -->
              <div class="configuration-method before">
                <span class="method-name">beforeMethod(public void com.test.automation.uiAutomation.homepage.TC002_VerifyLoginWithInvalidCredentials.verify...)</span>
                <span class="method-start">283000 ms</span>
              </div> <!-- configuration-method before -->
              <div class="test-method">
                <img src="failed.png">
                </img>
                <span class="method-name">verifyLoginWithvalidCredentials(xyz7@gmail.com, welcome2, y)</span>
                <span class="method-start">283000 ms</span>
              </div> <!-- test-method -->
              <div class="configuration-method after">
                <span class="method-name">afterMethod([TestResult name=verifyLoginWithvalidCredentials status=FAILURE method=TC002_VerifyLoginWithInvalidC...)</span>
                <span class="method-start">346735 ms</span>
              </div> <!-- configuration-method after -->
              <div class="configuration-method before">
                <span class="method-name">beforeMethod(public void com.test.automation.uiAutomation.homepage.TC002_VerifyLoginWithInvalidCredentials.verify...)</span>
                <span class="method-start">347249 ms</span>
              </div> <!-- configuration-method before -->
              <div class="test-method">
                <img src="failed.png">
                </img>
                <span class="method-name">verifyLoginWithvalidCredentials(xyz7@gmail.com, welcome2, y)</span>
                <span class="method-start">347250 ms</span>
              </div> <!-- test-method -->
              <div class="configuration-method after">
                <span class="method-name">afterMethod([TestResult name=verifyLoginWithvalidCredentials status=FAILURE method=TC002_VerifyLoginWithInvalidC...)</span>
                <span class="method-start">411585 ms</span>
              </div> <!-- configuration-method after -->
              <div class="configuration-class after">
                <span class="method-name">endTest</span>
                <span class="method-start">412006 ms</span>
              </div> <!-- configuration-class after -->
          </div> <!-- main-panel-content rounded-window-bottom -->
        </div> <!-- panel -->
      </div> <!-- main-panel-root -->
    </div> <!-- wrapper -->
  </body>
</html>
