<?xml version="1.0" encoding="UTF-8"?>
<testng-results skipped="3" failed="5" ignored="0" total="8" passed="0">
  <reporter-output>
    <line>
      <![CDATA[Creating object for chrome]]>
    </line>
    <line>
      <![CDATA[navigating to:-http://automationpractice.com/index.php]]>
    </line>
    <line>
      <![CDATA[Opening the URL http://automationpractice.com/index.php]]>
    </line>
    <line>
      <![CDATA[ Test Started running :verifyLoginWithvalidCredentials]]>
    </line>
    <line>
      <![CDATA[=========== Starting verifyLoginWithvalidCredentials=======]]>
    </line>
    <line>
      <![CDATA[ Clicked on Sign in[[ChromeDriver: chrome on XP (0022be8a7644042bdbb3550b1f65c4ec)] -> xpath: //A[@class='login']]]]>
    </line>
    <line>
      <![CDATA[ Entered the email addresssmanickarajanskf@gmail.com object is [[ChromeDriver: chrome on XP (0022be8a7644042bdbb3550b1f65c4ec)] -> xpath: //INPUT[@id='email']]]]>
    </line>
    <line>
      <![CDATA[ Entered the email addresssubrajsub object is [[ChromeDriver: chrome on XP (0022be8a7644042bdbb3550b1f65c4ec)] -> xpath: //INPUT[@id='passwd']]]]>
    </line>
    <line>
      <![CDATA[Retrying Test verifyLoginWithvalidCredentials with status FAIL for the try 1 time(s) ]]>
    </line>
    <line>
      <![CDATA[ Test skipped running :verifyLoginWithvalidCredentials]]>
    </line>
    <line>
      <![CDATA[ Test Started running :verifyLoginWithvalidCredentials]]>
    </line>
    <line>
      <![CDATA[=========== Starting verifyLoginWithvalidCredentials=======]]>
    </line>
    <line>
      <![CDATA[ Clicked on Sign in[[ChromeDriver: chrome on XP (0022be8a7644042bdbb3550b1f65c4ec)] -> xpath: //A[@class='login']]]]>
    </line>
    <line>
      <![CDATA[ Entered the email addresssmanickarajanskf@gmail.com object is [[ChromeDriver: chrome on XP (0022be8a7644042bdbb3550b1f65c4ec)] -> xpath: //INPUT[@id='email']]]]>
    </line>
    <line>
      <![CDATA[ Entered the email addresssubrajsub object is [[ChromeDriver: chrome on XP (0022be8a7644042bdbb3550b1f65c4ec)] -> xpath: //INPUT[@id='passwd']]]]>
    </line>
    <line>
      <![CDATA[test failure]]>
    </line>
    <line>
      <![CDATA[<a href='E:\POM Framework\uiAutomation\src\main\java\com\test\automation\uiAutomation\screenshot\failure_screenshots\verifyLoginWithvalidCredentials_08_03_2018_10_08_07.png'> <img src='E:\POM Framework\uiAutomation\src\main\java\com\test\automation\uiAutomation\screenshot\failure_screenshots\verifyLoginWithvalidCredentials_08_03_2018_10_08_07.png' height='100' width='100'/> </a>]]>
    </line>
    <line>
      <![CDATA[<a href='E:\POM Framework\uiAutomation\src\main\java\com\test\automation\uiAutomation\screenshot\blank_08_03_2018_10_08_08.png'> <img src='E:\POM Framework\uiAutomation\src\main\java\com\test\automation\uiAutomation\screenshot\blank_08_03_2018_10_08_08.png' height='100' width='100'/> </a>]]>
    </line>
    <line>
      <![CDATA[ Test Started running :verifyLoginWithvalidCredentials]]>
    </line>
    <line>
      <![CDATA[=========== Starting verifyLoginWithvalidCredentials=======]]>
    </line>
    <line>
      <![CDATA[ Clicked on Sign in[[ChromeDriver: chrome on XP (0022be8a7644042bdbb3550b1f65c4ec)] -> xpath: //A[@class='login']]]]>
    </line>
    <line>
      <![CDATA[ Entered the email addressabc5@gmail.com object is [[ChromeDriver: chrome on XP (0022be8a7644042bdbb3550b1f65c4ec)] -> xpath: //INPUT[@id='email']]]]>
    </line>
    <line>
      <![CDATA[ Entered the email addresswelcome object is [[ChromeDriver: chrome on XP (0022be8a7644042bdbb3550b1f65c4ec)] -> xpath: //INPUT[@id='passwd']]]]>
    </line>
    <line>
      <![CDATA[test failure]]>
    </line>
    <line>
      <![CDATA[<a href='E:\POM Framework\uiAutomation\src\main\java\com\test\automation\uiAutomation\screenshot\failure_screenshots\verifyLoginWithvalidCredentials_08_03_2018_10_09_13.png'> <img src='E:\POM Framework\uiAutomation\src\main\java\com\test\automation\uiAutomation\screenshot\failure_screenshots\verifyLoginWithvalidCredentials_08_03_2018_10_09_13.png' height='100' width='100'/> </a>]]>
    </line>
    <line>
      <![CDATA[<a href='E:\POM Framework\uiAutomation\src\main\java\com\test\automation\uiAutomation\screenshot\blank_08_03_2018_10_09_13.png'> <img src='E:\POM Framework\uiAutomation\src\main\java\com\test\automation\uiAutomation\screenshot\blank_08_03_2018_10_09_13.png' height='100' width='100'/> </a>]]>
    </line>
    <line>
      <![CDATA[ Test Started running :verifyLoginWithvalidCredentials]]>
    </line>
    <line>
      <![CDATA[=========== Starting verifyLoginWithvalidCredentials=======]]>
    </line>
    <line>
      <![CDATA[ Clicked on Sign in[[ChromeDriver: chrome on XP (0022be8a7644042bdbb3550b1f65c4ec)] -> xpath: //A[@class='login']]]]>
    </line>
    <line>
      <![CDATA[ Entered the email addressabc5@gmail.com object is [[ChromeDriver: chrome on XP (0022be8a7644042bdbb3550b1f65c4ec)] -> xpath: //INPUT[@id='email']]]]>
    </line>
    <line>
      <![CDATA[ Entered the email addresswelcome object is [[ChromeDriver: chrome on XP (0022be8a7644042bdbb3550b1f65c4ec)] -> xpath: //INPUT[@id='passwd']]]]>
    </line>
    <line>
      <![CDATA[test failure]]>
    </line>
    <line>
      <![CDATA[<a href='E:\POM Framework\uiAutomation\src\main\java\com\test\automation\uiAutomation\screenshot\failure_screenshots\verifyLoginWithvalidCredentials_08_03_2018_10_10_17.png'> <img src='E:\POM Framework\uiAutomation\src\main\java\com\test\automation\uiAutomation\screenshot\failure_screenshots\verifyLoginWithvalidCredentials_08_03_2018_10_10_17.png' height='100' width='100'/> </a>]]>
    </line>
    <line>
      <![CDATA[<a href='E:\POM Framework\uiAutomation\src\main\java\com\test\automation\uiAutomation\screenshot\blank_08_03_2018_10_10_18.png'> <img src='E:\POM Framework\uiAutomation\src\main\java\com\test\automation\uiAutomation\screenshot\blank_08_03_2018_10_10_18.png' height='100' width='100'/> </a>]]>
    </line>
    <line>
      <![CDATA[ Test Started running :verifyLoginWithvalidCredentials]]>
    </line>
    <line>
      <![CDATA[ Test skipped running :verifyLoginWithvalidCredentials]]>
    </line>
    <line>
      <![CDATA[ Test Started running :verifyLoginWithvalidCredentials]]>
    </line>
    <line>
      <![CDATA[ Test skipped running :verifyLoginWithvalidCredentials]]>
    </line>
    <line>
      <![CDATA[ Test Started running :verifyLoginWithvalidCredentials]]>
    </line>
    <line>
      <![CDATA[=========== Starting verifyLoginWithvalidCredentials=======]]>
    </line>
    <line>
      <![CDATA[ Clicked on Sign in[[ChromeDriver: chrome on XP (0022be8a7644042bdbb3550b1f65c4ec)] -> xpath: //A[@class='login']]]]>
    </line>
    <line>
      <![CDATA[ Entered the email addressxyz7@gmail.com object is [[ChromeDriver: chrome on XP (0022be8a7644042bdbb3550b1f65c4ec)] -> xpath: //INPUT[@id='email']]]]>
    </line>
    <line>
      <![CDATA[ Entered the email addresswelcome2 object is [[ChromeDriver: chrome on XP (0022be8a7644042bdbb3550b1f65c4ec)] -> xpath: //INPUT[@id='passwd']]]]>
    </line>
    <line>
      <![CDATA[test failure]]>
    </line>
    <line>
      <![CDATA[<a href='E:\POM Framework\uiAutomation\src\main\java\com\test\automation\uiAutomation\screenshot\failure_screenshots\verifyLoginWithvalidCredentials_08_03_2018_10_11_22.png'> <img src='E:\POM Framework\uiAutomation\src\main\java\com\test\automation\uiAutomation\screenshot\failure_screenshots\verifyLoginWithvalidCredentials_08_03_2018_10_11_22.png' height='100' width='100'/> </a>]]>
    </line>
    <line>
      <![CDATA[<a href='E:\POM Framework\uiAutomation\src\main\java\com\test\automation\uiAutomation\screenshot\blank_08_03_2018_10_11_22.png'> <img src='E:\POM Framework\uiAutomation\src\main\java\com\test\automation\uiAutomation\screenshot\blank_08_03_2018_10_11_22.png' height='100' width='100'/> </a>]]>
    </line>
    <line>
      <![CDATA[ Test Started running :verifyLoginWithvalidCredentials]]>
    </line>
    <line>
      <![CDATA[=========== Starting verifyLoginWithvalidCredentials=======]]>
    </line>
    <line>
      <![CDATA[ Clicked on Sign in[[ChromeDriver: chrome on XP (0022be8a7644042bdbb3550b1f65c4ec)] -> xpath: //A[@class='login']]]]>
    </line>
    <line>
      <![CDATA[ Entered the email addressxyz7@gmail.com object is [[ChromeDriver: chrome on XP (0022be8a7644042bdbb3550b1f65c4ec)] -> xpath: //INPUT[@id='email']]]]>
    </line>
    <line>
      <![CDATA[ Entered the email addresswelcome2 object is [[ChromeDriver: chrome on XP (0022be8a7644042bdbb3550b1f65c4ec)] -> xpath: //INPUT[@id='passwd']]]]>
    </line>
    <line>
      <![CDATA[test failure]]>
    </line>
    <line>
      <![CDATA[<a href='E:\POM Framework\uiAutomation\src\main\java\com\test\automation\uiAutomation\screenshot\failure_screenshots\verifyLoginWithvalidCredentials_08_03_2018_10_12_26.png'> <img src='E:\POM Framework\uiAutomation\src\main\java\com\test\automation\uiAutomation\screenshot\failure_screenshots\verifyLoginWithvalidCredentials_08_03_2018_10_12_26.png' height='100' width='100'/> </a>]]>
    </line>
    <line>
      <![CDATA[<a href='E:\POM Framework\uiAutomation\src\main\java\com\test\automation\uiAutomation\screenshot\blank_08_03_2018_10_12_27.png'> <img src='E:\POM Framework\uiAutomation\src\main\java\com\test\automation\uiAutomation\screenshot\blank_08_03_2018_10_12_27.png' height='100' width='100'/> </a>]]>
    </line>
  </reporter-output>
  <suite name="Regression Suite" duration-ms="413157" started-at="2018-03-08T04:35:35Z" finished-at="2018-03-08T04:42:28Z">
    <groups>
    </groups>
    <test name="Test" duration-ms="413157" started-at="2018-03-08T04:35:35Z" finished-at="2018-03-08T04:42:28Z">
      <class name="com.test.automation.uiAutomation.homepage.TC002_VerifyLoginWithInvalidCredentials">
        <test-method status="PASS" signature="setUp()[pri:0, instance:com.test.automation.uiAutomation.homepage.TC002_VerifyLoginWithInvalidCredentials@7d70d1b1]" name="setUp" is-config="true" duration-ms="20511" started-at="2018-03-08T10:05:35Z" finished-at="2018-03-08T10:05:56Z">
          <reporter-output>
            <line>
              <![CDATA[Creating object for chrome]]>
            </line>
            <line>
              <![CDATA[navigating to:-http://automationpractice.com/index.php]]>
            </line>
            <line>
              <![CDATA[Opening the URL http://automationpractice.com/index.php]]>
            </line>
          </reporter-output>
        </test-method> <!-- setUp -->
        <test-method status="PASS" signature="beforeMethod(java.lang.reflect.Method)[pri:0, instance:com.test.automation.uiAutomation.homepage.TC002_VerifyLoginWithInvalidCredentials@7d70d1b1]" name="beforeMethod" is-config="true" duration-ms="5" started-at="2018-03-08T10:05:57Z" finished-at="2018-03-08T10:05:57Z">
          <params>
            <param index="0">
              <value>
                <![CDATA[public void com.test.automation.uiAutomation.homepage.TC002_VerifyLoginWithInvalidCredentials.verifyLoginWithvalidCredentials(java.lang.String,java.lang.String,java.lang.String) throws java.lang.InterruptedException]]>
              </value>
            </param>
          </params>
          <reporter-output>
          </reporter-output>
        </test-method> <!-- beforeMethod -->
        <test-method status="SKIP" signature="verifyLoginWithvalidCredentials(java.lang.String, java.lang.String, java.lang.String)[pri:0, instance:com.test.automation.uiAutomation.homepage.TC002_VerifyLoginWithInvalidCredentials@7d70d1b1]" name="verifyLoginWithvalidCredentials" duration-ms="65158" started-at="2018-03-08T10:05:57Z" data-provider="loginData" finished-at="2018-03-08T10:07:02Z">
          <params>
            <param index="0">
              <value>
                <![CDATA[smanickarajanskf@gmail.com]]>
              </value>
            </param>
            <param index="1">
              <value>
                <![CDATA[subrajsub]]>
              </value>
            </param>
            <param index="2">
              <value>
                <![CDATA[y]]>
              </value>
            </param>
          </params>
          <exception class="org.openqa.selenium.NoSuchElementException">
            <message>
              <![CDATA[no such element: Unable to locate element: {"method":"xpath","selector":"//button[@id='SubmitLogin1']"}  (Session info: chrome=64.0.3282.186)  (Driver info: chromedriver=2.35.528161 (5b82f2d2aae0ca24b877009200ced9065a772e73),platform=Windows NT 6.1.7600 x86_64) (WARNING: The server did not provide any stacktrace information)Command duration or timeout: 0 millisecondsFor documentation on this error, please visit: http://seleniumhq.org/exceptions/no_such_element.htmlBuild info: version: '3.8.1', revision: '6e95a6684b', time: '2017-12-01T18:33:54.468Z'System info: host: 'WIN7-PC', ip: '192.168.43.249', os.name: 'Windows 7', os.arch: 'amd64', os.version: '6.1', java.version: '1.8.0_152'Driver info: org.openqa.selenium.chrome.ChromeDriverCapabilities {acceptInsecureCerts: false, acceptSslCerts: false, applicationCacheEnabled: false, browserConnectionEnabled: false, browserName: chrome, chrome: {chromedriverVersion: 2.35.528161 (5b82f2d2aae0ca..., userDataDir: C:\Users\win7\AppData\Local...}, cssSelectorsEnabled: true, databaseEnabled: false, handlesAlerts: true, hasTouchScreen: false, javascriptEnabled: true, locationContextEnabled: true, mobileEmulationEnabled: false, nativeEvents: true, networkConnectionEnabled: false, pageLoadStrategy: normal, platform: XP, platformName: XP, rotatable: false, setWindowRect: true, takesHeapSnapshot: true, takesScreenshot: true, unexpectedAlertBehaviour: , unhandledPromptBehavior: , version: 64.0.3282.186, webStorageEnabled: true}Session ID: 0022be8a7644042bdbb3550b1f65c4ec*** Element info: {Using=xpath, value=//button[@id='SubmitLogin1']}]]>
            </message>
            <full-stacktrace>
              <![CDATA[org.openqa.selenium.NoSuchElementException: no such element: Unable to locate element: {"method":"xpath","selector":"//button[@id='SubmitLogin1']"}  (Session info: chrome=64.0.3282.186)  (Driver info: chromedriver=2.35.528161 (5b82f2d2aae0ca24b877009200ced9065a772e73),platform=Windows NT 6.1.7600 x86_64) (WARNING: The server did not provide any stacktrace information)Command duration or timeout: 0 millisecondsFor documentation on this error, please visit: http://seleniumhq.org/exceptions/no_such_element.htmlBuild info: version: '3.8.1', revision: '6e95a6684b', time: '2017-12-01T18:33:54.468Z'System info: host: 'WIN7-PC', ip: '192.168.43.249', os.name: 'Windows 7', os.arch: 'amd64', os.version: '6.1', java.version: '1.8.0_152'Driver info: org.openqa.selenium.chrome.ChromeDriverCapabilities {acceptInsecureCerts: false, acceptSslCerts: false, applicationCacheEnabled: false, browserConnectionEnabled: false, browserName: chrome, chrome: {chromedriverVersion: 2.35.528161 (5b82f2d2aae0ca..., userDataDir: C:\Users\win7\AppData\Local...}, cssSelectorsEnabled: true, databaseEnabled: false, handlesAlerts: true, hasTouchScreen: false, javascriptEnabled: true, locationContextEnabled: true, mobileEmulationEnabled: false, nativeEvents: true, networkConnectionEnabled: false, pageLoadStrategy: normal, platform: XP, platformName: XP, rotatable: false, setWindowRect: true, takesHeapSnapshot: true, takesScreenshot: true, unexpectedAlertBehaviour: , unhandledPromptBehavior: , version: 64.0.3282.186, webStorageEnabled: true}Session ID: 0022be8a7644042bdbb3550b1f65c4ec*** Element info: {Using=xpath, value=//button[@id='SubmitLogin1']}at sun.reflect.NativeConstructorAccessorImpl.newInstance0(Native Method)at sun.reflect.NativeConstructorAccessorImpl.newInstance(Unknown Source)at sun.reflect.DelegatingConstructorAccessorImpl.newInstance(Unknown Source)at java.lang.reflect.Constructor.newInstance(Unknown Source)at org.openqa.selenium.remote.ErrorHandler.createThrowable(ErrorHandler.java:214)at org.openqa.selenium.remote.ErrorHandler.throwIfResponseFailed(ErrorHandler.java:166)at org.openqa.selenium.remote.http.JsonHttpResponseCodec.reconstructValue(JsonHttpResponseCodec.java:40)at org.openqa.selenium.remote.http.AbstractHttpResponseCodec.decode(AbstractHttpResponseCodec.java:80)at org.openqa.selenium.remote.http.AbstractHttpResponseCodec.decode(AbstractHttpResponseCodec.java:44)at org.openqa.selenium.remote.HttpCommandExecutor.execute(HttpCommandExecutor.java:164)at org.openqa.selenium.remote.service.DriverCommandExecutor.execute(DriverCommandExecutor.java:83)at org.openqa.selenium.remote.RemoteWebDriver.execute(RemoteWebDriver.java:601)at org.openqa.selenium.remote.RemoteWebDriver.findElement(RemoteWebDriver.java:371)at org.openqa.selenium.remote.RemoteWebDriver.findElementByXPath(RemoteWebDriver.java:473)at org.openqa.selenium.By$ByXPath.findElement(By.java:361)at org.openqa.selenium.remote.RemoteWebDriver.findElement(RemoteWebDriver.java:363)at org.openqa.selenium.support.pagefactory.DefaultElementLocator.findElement(DefaultElementLocator.java:69)at org.openqa.selenium.support.pagefactory.internal.LocatingElementHandler.invoke(LocatingElementHandler.java:38)at com.sun.proxy.$Proxy12.click(Unknown Source)at com.test.automation.uiAutomation.uiActions.HomePage.loginToApplication(HomePage.java:45)at com.test.automation.uiAutomation.homepage.TC002_VerifyLoginWithInvalidCredentials.verifyLoginWithvalidCredentials(TC002_VerifyLoginWithInvalidCredentials.java:40)at sun.reflect.NativeMethodAccessorImpl.invoke0(Native Method)at sun.reflect.NativeMethodAccessorImpl.invoke(Unknown Source)at sun.reflect.DelegatingMethodAccessorImpl.invoke(Unknown Source)at java.lang.reflect.Method.invoke(Unknown Source)at org.testng.internal.MethodInvocationHelper.invokeMethod(MethodInvocationHelper.java:124)at org.testng.internal.Invoker.invokeMethod(Invoker.java:571)at org.testng.internal.Invoker.invokeTestMethod(Invoker.java:707)at org.testng.internal.Invoker.invokeTestMethods(Invoker.java:979)at org.testng.internal.TestMethodWorker.invokeTestMethods(TestMethodWorker.java:125)at org.testng.internal.TestMethodWorker.run(TestMethodWorker.java:109)at org.testng.TestRunner.privateRun(TestRunner.java:648)at org.testng.TestRunner.run(TestRunner.java:505)at org.testng.SuiteRunner.runTest(SuiteRunner.java:455)at org.testng.SuiteRunner.runSequentially(SuiteRunner.java:450)at org.testng.SuiteRunner.privateRun(SuiteRunner.java:415)at org.testng.SuiteRunner.run(SuiteRunner.java:364)at org.testng.SuiteRunnerWorker.runSuite(SuiteRunnerWorker.java:52)at org.testng.SuiteRunnerWorker.run(SuiteRunnerWorker.java:84)at org.testng.TestNG.runSuitesSequentially(TestNG.java:1187)at org.testng.TestNG.runSuitesLocally(TestNG.java:1116)at org.testng.TestNG.runSuites(TestNG.java:1028)at org.testng.TestNG.run(TestNG.java:996)at org.testng.remote.AbstractRemoteTestNG.run(AbstractRemoteTestNG.java:114)at org.testng.remote.RemoteTestNG.initAndRun(RemoteTestNG.java:251)at org.testng.remote.RemoteTestNG.main(RemoteTestNG.java:77)]]>
            </full-stacktrace>
          </exception> <!-- org.openqa.selenium.NoSuchElementException -->
          <reporter-output>
            <line>
              <![CDATA[ Test Started running :verifyLoginWithvalidCredentials]]>
            </line>
            <line>
              <![CDATA[=========== Starting verifyLoginWithvalidCredentials=======]]>
            </line>
            <line>
              <![CDATA[ Clicked on Sign in[[ChromeDriver: chrome on XP (0022be8a7644042bdbb3550b1f65c4ec)] -> xpath: //A[@class='login']]]]>
            </line>
            <line>
              <![CDATA[ Entered the email addresssmanickarajanskf@gmail.com object is [[ChromeDriver: chrome on XP (0022be8a7644042bdbb3550b1f65c4ec)] -> xpath: //INPUT[@id='email']]]]>
            </line>
            <line>
              <![CDATA[ Entered the email addresssubrajsub object is [[ChromeDriver: chrome on XP (0022be8a7644042bdbb3550b1f65c4ec)] -> xpath: //INPUT[@id='passwd']]]]>
            </line>
            <line>
              <![CDATA[Retrying Test verifyLoginWithvalidCredentials with status FAIL for the try 1 time(s) ]]>
            </line>
            <line>
              <![CDATA[ Test skipped running :verifyLoginWithvalidCredentials]]>
            </line>
          </reporter-output>
        </test-method> <!-- verifyLoginWithvalidCredentials -->
        <test-method status="PASS" signature="afterMethod(org.testng.ITestResult)[pri:0, instance:com.test.automation.uiAutomation.homepage.TC002_VerifyLoginWithInvalidCredentials@7d70d1b1]" name="afterMethod" is-config="true" duration-ms="1" started-at="2018-03-08T10:07:02Z" finished-at="2018-03-08T10:07:02Z">
          <params>
            <param index="0">
              <value>
                <![CDATA[[TestResult name=verifyLoginWithvalidCredentials status=SKIP method=TC002_VerifyLoginWithInvalidCredentials.verifyLoginWithvalidCredentials(java.lang.String, java.lang.String, java.lang.String)[pri:0, instance:com.test.automation.uiAutomation.homepage.TC002_VerifyLoginWithInvalidCredentials@7d70d1b1] output= Test Started running :verifyLoginWithvalidCredentials]]]>
              </value>
            </param>
          </params>
          <reporter-output>
          </reporter-output>
        </test-method> <!-- afterMethod -->
        <test-method status="PASS" signature="beforeMethod(java.lang.reflect.Method)[pri:0, instance:com.test.automation.uiAutomation.homepage.TC002_VerifyLoginWithInvalidCredentials@7d70d1b1]" name="beforeMethod" is-config="true" duration-ms="1" started-at="2018-03-08T10:07:02Z" finished-at="2018-03-08T10:07:02Z">
          <params>
            <param index="0">
              <value>
                <![CDATA[public void com.test.automation.uiAutomation.homepage.TC002_VerifyLoginWithInvalidCredentials.verifyLoginWithvalidCredentials(java.lang.String,java.lang.String,java.lang.String) throws java.lang.InterruptedException]]>
              </value>
            </param>
          </params>
          <reporter-output>
          </reporter-output>
        </test-method> <!-- beforeMethod -->
        <test-method status="FAIL" signature="verifyLoginWithvalidCredentials(java.lang.String, java.lang.String, java.lang.String)[pri:0, instance:com.test.automation.uiAutomation.homepage.TC002_VerifyLoginWithInvalidCredentials@7d70d1b1]" name="verifyLoginWithvalidCredentials" duration-ms="65109" started-at="2018-03-08T10:07:02Z" data-provider="loginData" finished-at="2018-03-08T10:08:07Z">
          <params>
            <param index="0">
              <value>
                <![CDATA[smanickarajanskf@gmail.com]]>
              </value>
            </param>
            <param index="1">
              <value>
                <![CDATA[subrajsub]]>
              </value>
            </param>
            <param index="2">
              <value>
                <![CDATA[y]]>
              </value>
            </param>
          </params>
          <exception class="org.openqa.selenium.NoSuchElementException">
            <message>
              <![CDATA[no such element: Unable to locate element: {"method":"xpath","selector":"//button[@id='SubmitLogin1']"}  (Session info: chrome=64.0.3282.186)  (Driver info: chromedriver=2.35.528161 (5b82f2d2aae0ca24b877009200ced9065a772e73),platform=Windows NT 6.1.7600 x86_64) (WARNING: The server did not provide any stacktrace information)Command duration or timeout: 0 millisecondsFor documentation on this error, please visit: http://seleniumhq.org/exceptions/no_such_element.htmlBuild info: version: '3.8.1', revision: '6e95a6684b', time: '2017-12-01T18:33:54.468Z'System info: host: 'WIN7-PC', ip: '192.168.43.249', os.name: 'Windows 7', os.arch: 'amd64', os.version: '6.1', java.version: '1.8.0_152'Driver info: org.openqa.selenium.chrome.ChromeDriverCapabilities {acceptInsecureCerts: false, acceptSslCerts: false, applicationCacheEnabled: false, browserConnectionEnabled: false, browserName: chrome, chrome: {chromedriverVersion: 2.35.528161 (5b82f2d2aae0ca..., userDataDir: C:\Users\win7\AppData\Local...}, cssSelectorsEnabled: true, databaseEnabled: false, handlesAlerts: true, hasTouchScreen: false, javascriptEnabled: true, locationContextEnabled: true, mobileEmulationEnabled: false, nativeEvents: true, networkConnectionEnabled: false, pageLoadStrategy: normal, platform: XP, platformName: XP, rotatable: false, setWindowRect: true, takesHeapSnapshot: true, takesScreenshot: true, unexpectedAlertBehaviour: , unhandledPromptBehavior: , version: 64.0.3282.186, webStorageEnabled: true}Session ID: 0022be8a7644042bdbb3550b1f65c4ec*** Element info: {Using=xpath, value=//button[@id='SubmitLogin1']}]]>
            </message>
            <full-stacktrace>
              <![CDATA[org.openqa.selenium.NoSuchElementException: no such element: Unable to locate element: {"method":"xpath","selector":"//button[@id='SubmitLogin1']"}  (Session info: chrome=64.0.3282.186)  (Driver info: chromedriver=2.35.528161 (5b82f2d2aae0ca24b877009200ced9065a772e73),platform=Windows NT 6.1.7600 x86_64) (WARNING: The server did not provide any stacktrace information)Command duration or timeout: 0 millisecondsFor documentation on this error, please visit: http://seleniumhq.org/exceptions/no_such_element.htmlBuild info: version: '3.8.1', revision: '6e95a6684b', time: '2017-12-01T18:33:54.468Z'System info: host: 'WIN7-PC', ip: '192.168.43.249', os.name: 'Windows 7', os.arch: 'amd64', os.version: '6.1', java.version: '1.8.0_152'Driver info: org.openqa.selenium.chrome.ChromeDriverCapabilities {acceptInsecureCerts: false, acceptSslCerts: false, applicationCacheEnabled: false, browserConnectionEnabled: false, browserName: chrome, chrome: {chromedriverVersion: 2.35.528161 (5b82f2d2aae0ca..., userDataDir: C:\Users\win7\AppData\Local...}, cssSelectorsEnabled: true, databaseEnabled: false, handlesAlerts: true, hasTouchScreen: false, javascriptEnabled: true, locationContextEnabled: true, mobileEmulationEnabled: false, nativeEvents: true, networkConnectionEnabled: false, pageLoadStrategy: normal, platform: XP, platformName: XP, rotatable: false, setWindowRect: true, takesHeapSnapshot: true, takesScreenshot: true, unexpectedAlertBehaviour: , unhandledPromptBehavior: , version: 64.0.3282.186, webStorageEnabled: true}Session ID: 0022be8a7644042bdbb3550b1f65c4ec*** Element info: {Using=xpath, value=//button[@id='SubmitLogin1']}at sun.reflect.NativeConstructorAccessorImpl.newInstance0(Native Method)at sun.reflect.NativeConstructorAccessorImpl.newInstance(Unknown Source)at sun.reflect.DelegatingConstructorAccessorImpl.newInstance(Unknown Source)at java.lang.reflect.Constructor.newInstance(Unknown Source)at org.openqa.selenium.remote.ErrorHandler.createThrowable(ErrorHandler.java:214)at org.openqa.selenium.remote.ErrorHandler.throwIfResponseFailed(ErrorHandler.java:166)at org.openqa.selenium.remote.http.JsonHttpResponseCodec.reconstructValue(JsonHttpResponseCodec.java:40)at org.openqa.selenium.remote.http.AbstractHttpResponseCodec.decode(AbstractHttpResponseCodec.java:80)at org.openqa.selenium.remote.http.AbstractHttpResponseCodec.decode(AbstractHttpResponseCodec.java:44)at org.openqa.selenium.remote.HttpCommandExecutor.execute(HttpCommandExecutor.java:164)at org.openqa.selenium.remote.service.DriverCommandExecutor.execute(DriverCommandExecutor.java:83)at org.openqa.selenium.remote.RemoteWebDriver.execute(RemoteWebDriver.java:601)at org.openqa.selenium.remote.RemoteWebDriver.findElement(RemoteWebDriver.java:371)at org.openqa.selenium.remote.RemoteWebDriver.findElementByXPath(RemoteWebDriver.java:473)at org.openqa.selenium.By$ByXPath.findElement(By.java:361)at org.openqa.selenium.remote.RemoteWebDriver.findElement(RemoteWebDriver.java:363)at org.openqa.selenium.support.pagefactory.DefaultElementLocator.findElement(DefaultElementLocator.java:69)at org.openqa.selenium.support.pagefactory.internal.LocatingElementHandler.invoke(LocatingElementHandler.java:38)at com.sun.proxy.$Proxy12.click(Unknown Source)at com.test.automation.uiAutomation.uiActions.HomePage.loginToApplication(HomePage.java:45)at com.test.automation.uiAutomation.homepage.TC002_VerifyLoginWithInvalidCredentials.verifyLoginWithvalidCredentials(TC002_VerifyLoginWithInvalidCredentials.java:40)at sun.reflect.NativeMethodAccessorImpl.invoke0(Native Method)at sun.reflect.NativeMethodAccessorImpl.invoke(Unknown Source)at sun.reflect.DelegatingMethodAccessorImpl.invoke(Unknown Source)at java.lang.reflect.Method.invoke(Unknown Source)at org.testng.internal.MethodInvocationHelper.invokeMethod(MethodInvocationHelper.java:124)at org.testng.internal.Invoker.invokeMethod(Invoker.java:571)at org.testng.internal.Invoker.retryFailed(Invoker.java:829)at org.testng.internal.Invoker.invokeTestMethods(Invoker.java:1000)at org.testng.internal.TestMethodWorker.invokeTestMethods(TestMethodWorker.java:125)at org.testng.internal.TestMethodWorker.run(TestMethodWorker.java:109)at org.testng.TestRunner.privateRun(TestRunner.java:648)at org.testng.TestRunner.run(TestRunner.java:505)at org.testng.SuiteRunner.runTest(SuiteRunner.java:455)at org.testng.SuiteRunner.runSequentially(SuiteRunner.java:450)at org.testng.SuiteRunner.privateRun(SuiteRunner.java:415)at org.testng.SuiteRunner.run(SuiteRunner.java:364)at org.testng.SuiteRunnerWorker.runSuite(SuiteRunnerWorker.java:52)at org.testng.SuiteRunnerWorker.run(SuiteRunnerWorker.java:84)at org.testng.TestNG.runSuitesSequentially(TestNG.java:1187)at org.testng.TestNG.runSuitesLocally(TestNG.java:1116)at org.testng.TestNG.runSuites(TestNG.java:1028)at org.testng.TestNG.run(TestNG.java:996)at org.testng.remote.AbstractRemoteTestNG.run(AbstractRemoteTestNG.java:114)at org.testng.remote.RemoteTestNG.initAndRun(RemoteTestNG.java:251)at org.testng.remote.RemoteTestNG.main(RemoteTestNG.java:77)]]>
            </full-stacktrace>
          </exception> <!-- org.openqa.selenium.NoSuchElementException -->
          <reporter-output>
            <line>
              <![CDATA[ Test Started running :verifyLoginWithvalidCredentials]]>
            </line>
            <line>
              <![CDATA[=========== Starting verifyLoginWithvalidCredentials=======]]>
            </line>
            <line>
              <![CDATA[ Clicked on Sign in[[ChromeDriver: chrome on XP (0022be8a7644042bdbb3550b1f65c4ec)] -> xpath: //A[@class='login']]]]>
            </line>
            <line>
              <![CDATA[ Entered the email addresssmanickarajanskf@gmail.com object is [[ChromeDriver: chrome on XP (0022be8a7644042bdbb3550b1f65c4ec)] -> xpath: //INPUT[@id='email']]]]>
            </line>
            <line>
              <![CDATA[ Entered the email addresssubrajsub object is [[ChromeDriver: chrome on XP (0022be8a7644042bdbb3550b1f65c4ec)] -> xpath: //INPUT[@id='passwd']]]]>
            </line>
            <line>
              <![CDATA[test failure]]>
            </line>
            <line>
              <![CDATA[<a href='E:\POM Framework\uiAutomation\src\main\java\com\test\automation\uiAutomation\screenshot\failure_screenshots\verifyLoginWithvalidCredentials_08_03_2018_10_08_07.png'> <img src='E:\POM Framework\uiAutomation\src\main\java\com\test\automation\uiAutomation\screenshot\failure_screenshots\verifyLoginWithvalidCredentials_08_03_2018_10_08_07.png' height='100' width='100'/> </a>]]>
            </line>
          </reporter-output>
        </test-method> <!-- verifyLoginWithvalidCredentials -->
        <test-method status="PASS" signature="afterMethod(org.testng.ITestResult)[pri:0, instance:com.test.automation.uiAutomation.homepage.TC002_VerifyLoginWithInvalidCredentials@7d70d1b1]" name="afterMethod" is-config="true" duration-ms="401" started-at="2018-03-08T10:08:08Z" finished-at="2018-03-08T10:08:08Z">
          <params>
            <param index="0">
              <value>
                <![CDATA[[TestResult name=verifyLoginWithvalidCredentials status=FAILURE method=TC002_VerifyLoginWithInvalidCredentials.verifyLoginWithvalidCredentials(java.lang.String, java.lang.String, java.lang.String)[pri:0, instance:com.test.automation.uiAutomation.homepage.TC002_VerifyLoginWithInvalidCredentials@7d70d1b1] output= Test Started running :verifyLoginWithvalidCredentials]]]>
              </value>
            </param>
          </params>
          <reporter-output>
            <line>
              <![CDATA[<a href='E:\POM Framework\uiAutomation\src\main\java\com\test\automation\uiAutomation\screenshot\blank_08_03_2018_10_08_08.png'> <img src='E:\POM Framework\uiAutomation\src\main\java\com\test\automation\uiAutomation\screenshot\blank_08_03_2018_10_08_08.png' height='100' width='100'/> </a>]]>
            </line>
          </reporter-output>
        </test-method> <!-- afterMethod -->
        <test-method status="PASS" signature="beforeMethod(java.lang.reflect.Method)[pri:0, instance:com.test.automation.uiAutomation.homepage.TC002_VerifyLoginWithInvalidCredentials@7d70d1b1]" name="beforeMethod" is-config="true" duration-ms="0" started-at="2018-03-08T10:08:08Z" finished-at="2018-03-08T10:08:08Z">
          <params>
            <param index="0">
              <value>
                <![CDATA[public void com.test.automation.uiAutomation.homepage.TC002_VerifyLoginWithInvalidCredentials.verifyLoginWithvalidCredentials(java.lang.String,java.lang.String,java.lang.String) throws java.lang.InterruptedException]]>
              </value>
            </param>
          </params>
          <reporter-output>
          </reporter-output>
        </test-method> <!-- beforeMethod -->
        <test-method status="FAIL" signature="verifyLoginWithvalidCredentials(java.lang.String, java.lang.String, java.lang.String)[pri:0, instance:com.test.automation.uiAutomation.homepage.TC002_VerifyLoginWithInvalidCredentials@7d70d1b1]" name="verifyLoginWithvalidCredentials" duration-ms="64648" started-at="2018-03-08T10:08:08Z" data-provider="loginData" finished-at="2018-03-08T10:09:13Z">
          <params>
            <param index="0">
              <value>
                <![CDATA[abc5@gmail.com]]>
              </value>
            </param>
            <param index="1">
              <value>
                <![CDATA[welcome]]>
              </value>
            </param>
            <param index="2">
              <value>
                <![CDATA[y]]>
              </value>
            </param>
          </params>
          <exception class="org.openqa.selenium.NoSuchElementException">
            <message>
              <![CDATA[no such element: Unable to locate element: {"method":"xpath","selector":"//button[@id='SubmitLogin1']"}  (Session info: chrome=64.0.3282.186)  (Driver info: chromedriver=2.35.528161 (5b82f2d2aae0ca24b877009200ced9065a772e73),platform=Windows NT 6.1.7600 x86_64) (WARNING: The server did not provide any stacktrace information)Command duration or timeout: 0 millisecondsFor documentation on this error, please visit: http://seleniumhq.org/exceptions/no_such_element.htmlBuild info: version: '3.8.1', revision: '6e95a6684b', time: '2017-12-01T18:33:54.468Z'System info: host: 'WIN7-PC', ip: '192.168.43.249', os.name: 'Windows 7', os.arch: 'amd64', os.version: '6.1', java.version: '1.8.0_152'Driver info: org.openqa.selenium.chrome.ChromeDriverCapabilities {acceptInsecureCerts: false, acceptSslCerts: false, applicationCacheEnabled: false, browserConnectionEnabled: false, browserName: chrome, chrome: {chromedriverVersion: 2.35.528161 (5b82f2d2aae0ca..., userDataDir: C:\Users\win7\AppData\Local...}, cssSelectorsEnabled: true, databaseEnabled: false, handlesAlerts: true, hasTouchScreen: false, javascriptEnabled: true, locationContextEnabled: true, mobileEmulationEnabled: false, nativeEvents: true, networkConnectionEnabled: false, pageLoadStrategy: normal, platform: XP, platformName: XP, rotatable: false, setWindowRect: true, takesHeapSnapshot: true, takesScreenshot: true, unexpectedAlertBehaviour: , unhandledPromptBehavior: , version: 64.0.3282.186, webStorageEnabled: true}Session ID: 0022be8a7644042bdbb3550b1f65c4ec*** Element info: {Using=xpath, value=//button[@id='SubmitLogin1']}]]>
            </message>
            <full-stacktrace>
              <![CDATA[org.openqa.selenium.NoSuchElementException: no such element: Unable to locate element: {"method":"xpath","selector":"//button[@id='SubmitLogin1']"}  (Session info: chrome=64.0.3282.186)  (Driver info: chromedriver=2.35.528161 (5b82f2d2aae0ca24b877009200ced9065a772e73),platform=Windows NT 6.1.7600 x86_64) (WARNING: The server did not provide any stacktrace information)Command duration or timeout: 0 millisecondsFor documentation on this error, please visit: http://seleniumhq.org/exceptions/no_such_element.htmlBuild info: version: '3.8.1', revision: '6e95a6684b', time: '2017-12-01T18:33:54.468Z'System info: host: 'WIN7-PC', ip: '192.168.43.249', os.name: 'Windows 7', os.arch: 'amd64', os.version: '6.1', java.version: '1.8.0_152'Driver info: org.openqa.selenium.chrome.ChromeDriverCapabilities {acceptInsecureCerts: false, acceptSslCerts: false, applicationCacheEnabled: false, browserConnectionEnabled: false, browserName: chrome, chrome: {chromedriverVersion: 2.35.528161 (5b82f2d2aae0ca..., userDataDir: C:\Users\win7\AppData\Local...}, cssSelectorsEnabled: true, databaseEnabled: false, handlesAlerts: true, hasTouchScreen: false, javascriptEnabled: true, locationContextEnabled: true, mobileEmulationEnabled: false, nativeEvents: true, networkConnectionEnabled: false, pageLoadStrategy: normal, platform: XP, platformName: XP, rotatable: false, setWindowRect: true, takesHeapSnapshot: true, takesScreenshot: true, unexpectedAlertBehaviour: , unhandledPromptBehavior: , version: 64.0.3282.186, webStorageEnabled: true}Session ID: 0022be8a7644042bdbb3550b1f65c4ec*** Element info: {Using=xpath, value=//button[@id='SubmitLogin1']}at sun.reflect.NativeConstructorAccessorImpl.newInstance0(Native Method)at sun.reflect.NativeConstructorAccessorImpl.newInstance(Unknown Source)at sun.reflect.DelegatingConstructorAccessorImpl.newInstance(Unknown Source)at java.lang.reflect.Constructor.newInstance(Unknown Source)at org.openqa.selenium.remote.ErrorHandler.createThrowable(ErrorHandler.java:214)at org.openqa.selenium.remote.ErrorHandler.throwIfResponseFailed(ErrorHandler.java:166)at org.openqa.selenium.remote.http.JsonHttpResponseCodec.reconstructValue(JsonHttpResponseCodec.java:40)at org.openqa.selenium.remote.http.AbstractHttpResponseCodec.decode(AbstractHttpResponseCodec.java:80)at org.openqa.selenium.remote.http.AbstractHttpResponseCodec.decode(AbstractHttpResponseCodec.java:44)at org.openqa.selenium.remote.HttpCommandExecutor.execute(HttpCommandExecutor.java:164)at org.openqa.selenium.remote.service.DriverCommandExecutor.execute(DriverCommandExecutor.java:83)at org.openqa.selenium.remote.RemoteWebDriver.execute(RemoteWebDriver.java:601)at org.openqa.selenium.remote.RemoteWebDriver.findElement(RemoteWebDriver.java:371)at org.openqa.selenium.remote.RemoteWebDriver.findElementByXPath(RemoteWebDriver.java:473)at org.openqa.selenium.By$ByXPath.findElement(By.java:361)at org.openqa.selenium.remote.RemoteWebDriver.findElement(RemoteWebDriver.java:363)at org.openqa.selenium.support.pagefactory.DefaultElementLocator.findElement(DefaultElementLocator.java:69)at org.openqa.selenium.support.pagefactory.internal.LocatingElementHandler.invoke(LocatingElementHandler.java:38)at com.sun.proxy.$Proxy12.click(Unknown Source)at com.test.automation.uiAutomation.uiActions.HomePage.loginToApplication(HomePage.java:45)at com.test.automation.uiAutomation.homepage.TC002_VerifyLoginWithInvalidCredentials.verifyLoginWithvalidCredentials(TC002_VerifyLoginWithInvalidCredentials.java:40)at sun.reflect.NativeMethodAccessorImpl.invoke0(Native Method)at sun.reflect.NativeMethodAccessorImpl.invoke(Unknown Source)at sun.reflect.DelegatingMethodAccessorImpl.invoke(Unknown Source)at java.lang.reflect.Method.invoke(Unknown Source)at org.testng.internal.MethodInvocationHelper.invokeMethod(MethodInvocationHelper.java:124)at org.testng.internal.Invoker.invokeMethod(Invoker.java:571)at org.testng.internal.Invoker.invokeTestMethod(Invoker.java:707)at org.testng.internal.Invoker.invokeTestMethods(Invoker.java:979)at org.testng.internal.TestMethodWorker.invokeTestMethods(TestMethodWorker.java:125)at org.testng.internal.TestMethodWorker.run(TestMethodWorker.java:109)at org.testng.TestRunner.privateRun(TestRunner.java:648)at org.testng.TestRunner.run(TestRunner.java:505)at org.testng.SuiteRunner.runTest(SuiteRunner.java:455)at org.testng.SuiteRunner.runSequentially(SuiteRunner.java:450)at org.testng.SuiteRunner.privateRun(SuiteRunner.java:415)at org.testng.SuiteRunner.run(SuiteRunner.java:364)at org.testng.SuiteRunnerWorker.runSuite(SuiteRunnerWorker.java:52)at org.testng.SuiteRunnerWorker.run(SuiteRunnerWorker.java:84)at org.testng.TestNG.runSuitesSequentially(TestNG.java:1187)at org.testng.TestNG.runSuitesLocally(TestNG.java:1116)at org.testng.TestNG.runSuites(TestNG.java:1028)at org.testng.TestNG.run(TestNG.java:996)at org.testng.remote.AbstractRemoteTestNG.run(AbstractRemoteTestNG.java:114)at org.testng.remote.RemoteTestNG.initAndRun(RemoteTestNG.java:251)at org.testng.remote.RemoteTestNG.main(RemoteTestNG.java:77)]]>
            </full-stacktrace>
          </exception> <!-- org.openqa.selenium.NoSuchElementException -->
          <reporter-output>
            <line>
              <![CDATA[ Test Started running :verifyLoginWithvalidCredentials]]>
            </line>
            <line>
              <![CDATA[=========== Starting verifyLoginWithvalidCredentials=======]]>
            </line>
            <line>
              <![CDATA[ Clicked on Sign in[[ChromeDriver: chrome on XP (0022be8a7644042bdbb3550b1f65c4ec)] -> xpath: //A[@class='login']]]]>
            </line>
            <line>
              <![CDATA[ Entered the email addressabc5@gmail.com object is [[ChromeDriver: chrome on XP (0022be8a7644042bdbb3550b1f65c4ec)] -> xpath: //INPUT[@id='email']]]]>
            </line>
            <line>
              <![CDATA[ Entered the email addresswelcome object is [[ChromeDriver: chrome on XP (0022be8a7644042bdbb3550b1f65c4ec)] -> xpath: //INPUT[@id='passwd']]]]>
            </line>
            <line>
              <![CDATA[test failure]]>
            </line>
            <line>
              <![CDATA[<a href='E:\POM Framework\uiAutomation\src\main\java\com\test\automation\uiAutomation\screenshot\failure_screenshots\verifyLoginWithvalidCredentials_08_03_2018_10_09_13.png'> <img src='E:\POM Framework\uiAutomation\src\main\java\com\test\automation\uiAutomation\screenshot\failure_screenshots\verifyLoginWithvalidCredentials_08_03_2018_10_09_13.png' height='100' width='100'/> </a>]]>
            </line>
          </reporter-output>
        </test-method> <!-- verifyLoginWithvalidCredentials -->
        <test-method status="PASS" signature="afterMethod(org.testng.ITestResult)[pri:0, instance:com.test.automation.uiAutomation.homepage.TC002_VerifyLoginWithInvalidCredentials@7d70d1b1]" name="afterMethod" is-config="true" duration-ms="446" started-at="2018-03-08T10:09:13Z" finished-at="2018-03-08T10:09:13Z">
          <params>
            <param index="0">
              <value>
                <![CDATA[[TestResult name=verifyLoginWithvalidCredentials status=FAILURE method=TC002_VerifyLoginWithInvalidCredentials.verifyLoginWithvalidCredentials(java.lang.String, java.lang.String, java.lang.String)[pri:0, instance:com.test.automation.uiAutomation.homepage.TC002_VerifyLoginWithInvalidCredentials@7d70d1b1] output= Test Started running :verifyLoginWithvalidCredentials]]]>
              </value>
            </param>
          </params>
          <reporter-output>
            <line>
              <![CDATA[<a href='E:\POM Framework\uiAutomation\src\main\java\com\test\automation\uiAutomation\screenshot\blank_08_03_2018_10_09_13.png'> <img src='E:\POM Framework\uiAutomation\src\main\java\com\test\automation\uiAutomation\screenshot\blank_08_03_2018_10_09_13.png' height='100' width='100'/> </a>]]>
            </line>
          </reporter-output>
        </test-method> <!-- afterMethod -->
        <test-method status="FAIL" signature="verifyLoginWithvalidCredentials(java.lang.String, java.lang.String, java.lang.String)[pri:0, instance:com.test.automation.uiAutomation.homepage.TC002_VerifyLoginWithInvalidCredentials@7d70d1b1]" name="verifyLoginWithvalidCredentials" duration-ms="63823" started-at="2018-03-08T10:09:14Z" data-provider="loginData" finished-at="2018-03-08T10:10:17Z">
          <params>
            <param index="0">
              <value>
                <![CDATA[abc5@gmail.com]]>
              </value>
            </param>
            <param index="1">
              <value>
                <![CDATA[welcome]]>
              </value>
            </param>
            <param index="2">
              <value>
                <![CDATA[y]]>
              </value>
            </param>
          </params>
          <exception class="org.openqa.selenium.NoSuchElementException">
            <message>
              <![CDATA[no such element: Unable to locate element: {"method":"xpath","selector":"//button[@id='SubmitLogin1']"}  (Session info: chrome=64.0.3282.186)  (Driver info: chromedriver=2.35.528161 (5b82f2d2aae0ca24b877009200ced9065a772e73),platform=Windows NT 6.1.7600 x86_64) (WARNING: The server did not provide any stacktrace information)Command duration or timeout: 0 millisecondsFor documentation on this error, please visit: http://seleniumhq.org/exceptions/no_such_element.htmlBuild info: version: '3.8.1', revision: '6e95a6684b', time: '2017-12-01T18:33:54.468Z'System info: host: 'WIN7-PC', ip: '192.168.43.249', os.name: 'Windows 7', os.arch: 'amd64', os.version: '6.1', java.version: '1.8.0_152'Driver info: org.openqa.selenium.chrome.ChromeDriverCapabilities {acceptInsecureCerts: false, acceptSslCerts: false, applicationCacheEnabled: false, browserConnectionEnabled: false, browserName: chrome, chrome: {chromedriverVersion: 2.35.528161 (5b82f2d2aae0ca..., userDataDir: C:\Users\win7\AppData\Local...}, cssSelectorsEnabled: true, databaseEnabled: false, handlesAlerts: true, hasTouchScreen: false, javascriptEnabled: true, locationContextEnabled: true, mobileEmulationEnabled: false, nativeEvents: true, networkConnectionEnabled: false, pageLoadStrategy: normal, platform: XP, platformName: XP, rotatable: false, setWindowRect: true, takesHeapSnapshot: true, takesScreenshot: true, unexpectedAlertBehaviour: , unhandledPromptBehavior: , version: 64.0.3282.186, webStorageEnabled: true}Session ID: 0022be8a7644042bdbb3550b1f65c4ec*** Element info: {Using=xpath, value=//button[@id='SubmitLogin1']}]]>
            </message>
            <full-stacktrace>
              <![CDATA[org.openqa.selenium.NoSuchElementException: no such element: Unable to locate element: {"method":"xpath","selector":"//button[@id='SubmitLogin1']"}  (Session info: chrome=64.0.3282.186)  (Driver info: chromedriver=2.35.528161 (5b82f2d2aae0ca24b877009200ced9065a772e73),platform=Windows NT 6.1.7600 x86_64) (WARNING: The server did not provide any stacktrace information)Command duration or timeout: 0 millisecondsFor documentation on this error, please visit: http://seleniumhq.org/exceptions/no_such_element.htmlBuild info: version: '3.8.1', revision: '6e95a6684b', time: '2017-12-01T18:33:54.468Z'System info: host: 'WIN7-PC', ip: '192.168.43.249', os.name: 'Windows 7', os.arch: 'amd64', os.version: '6.1', java.version: '1.8.0_152'Driver info: org.openqa.selenium.chrome.ChromeDriverCapabilities {acceptInsecureCerts: false, acceptSslCerts: false, applicationCacheEnabled: false, browserConnectionEnabled: false, browserName: chrome, chrome: {chromedriverVersion: 2.35.528161 (5b82f2d2aae0ca..., userDataDir: C:\Users\win7\AppData\Local...}, cssSelectorsEnabled: true, databaseEnabled: false, handlesAlerts: true, hasTouchScreen: false, javascriptEnabled: true, locationContextEnabled: true, mobileEmulationEnabled: false, nativeEvents: true, networkConnectionEnabled: false, pageLoadStrategy: normal, platform: XP, platformName: XP, rotatable: false, setWindowRect: true, takesHeapSnapshot: true, takesScreenshot: true, unexpectedAlertBehaviour: , unhandledPromptBehavior: , version: 64.0.3282.186, webStorageEnabled: true}Session ID: 0022be8a7644042bdbb3550b1f65c4ec*** Element info: {Using=xpath, value=//button[@id='SubmitLogin1']}at sun.reflect.NativeConstructorAccessorImpl.newInstance0(Native Method)at sun.reflect.NativeConstructorAccessorImpl.newInstance(Unknown Source)at sun.reflect.DelegatingConstructorAccessorImpl.newInstance(Unknown Source)at java.lang.reflect.Constructor.newInstance(Unknown Source)at org.openqa.selenium.remote.ErrorHandler.createThrowable(ErrorHandler.java:214)at org.openqa.selenium.remote.ErrorHandler.throwIfResponseFailed(ErrorHandler.java:166)at org.openqa.selenium.remote.http.JsonHttpResponseCodec.reconstructValue(JsonHttpResponseCodec.java:40)at org.openqa.selenium.remote.http.AbstractHttpResponseCodec.decode(AbstractHttpResponseCodec.java:80)at org.openqa.selenium.remote.http.AbstractHttpResponseCodec.decode(AbstractHttpResponseCodec.java:44)at org.openqa.selenium.remote.HttpCommandExecutor.execute(HttpCommandExecutor.java:164)at org.openqa.selenium.remote.service.DriverCommandExecutor.execute(DriverCommandExecutor.java:83)at org.openqa.selenium.remote.RemoteWebDriver.execute(RemoteWebDriver.java:601)at org.openqa.selenium.remote.RemoteWebDriver.findElement(RemoteWebDriver.java:371)at org.openqa.selenium.remote.RemoteWebDriver.findElementByXPath(RemoteWebDriver.java:473)at org.openqa.selenium.By$ByXPath.findElement(By.java:361)at org.openqa.selenium.remote.RemoteWebDriver.findElement(RemoteWebDriver.java:363)at org.openqa.selenium.support.pagefactory.DefaultElementLocator.findElement(DefaultElementLocator.java:69)at org.openqa.selenium.support.pagefactory.internal.LocatingElementHandler.invoke(LocatingElementHandler.java:38)at com.sun.proxy.$Proxy12.click(Unknown Source)at com.test.automation.uiAutomation.uiActions.HomePage.loginToApplication(HomePage.java:45)at com.test.automation.uiAutomation.homepage.TC002_VerifyLoginWithInvalidCredentials.verifyLoginWithvalidCredentials(TC002_VerifyLoginWithInvalidCredentials.java:40)at sun.reflect.NativeMethodAccessorImpl.invoke0(Native Method)at sun.reflect.NativeMethodAccessorImpl.invoke(Unknown Source)at sun.reflect.DelegatingMethodAccessorImpl.invoke(Unknown Source)at java.lang.reflect.Method.invoke(Unknown Source)at org.testng.internal.MethodInvocationHelper.invokeMethod(MethodInvocationHelper.java:124)at org.testng.internal.Invoker.invokeMethod(Invoker.java:571)at org.testng.internal.Invoker.retryFailed(Invoker.java:829)at org.testng.internal.Invoker.invokeTestMethods(Invoker.java:1000)at org.testng.internal.TestMethodWorker.invokeTestMethods(TestMethodWorker.java:125)at org.testng.internal.TestMethodWorker.run(TestMethodWorker.java:109)at org.testng.TestRunner.privateRun(TestRunner.java:648)at org.testng.TestRunner.run(TestRunner.java:505)at org.testng.SuiteRunner.runTest(SuiteRunner.java:455)at org.testng.SuiteRunner.runSequentially(SuiteRunner.java:450)at org.testng.SuiteRunner.privateRun(SuiteRunner.java:415)at org.testng.SuiteRunner.run(SuiteRunner.java:364)at org.testng.SuiteRunnerWorker.runSuite(SuiteRunnerWorker.java:52)at org.testng.SuiteRunnerWorker.run(SuiteRunnerWorker.java:84)at org.testng.TestNG.runSuitesSequentially(TestNG.java:1187)at org.testng.TestNG.runSuitesLocally(TestNG.java:1116)at org.testng.TestNG.runSuites(TestNG.java:1028)at org.testng.TestNG.run(TestNG.java:996)at org.testng.remote.AbstractRemoteTestNG.run(AbstractRemoteTestNG.java:114)at org.testng.remote.RemoteTestNG.initAndRun(RemoteTestNG.java:251)at org.testng.remote.RemoteTestNG.main(RemoteTestNG.java:77)]]>
            </full-stacktrace>
          </exception> <!-- org.openqa.selenium.NoSuchElementException -->
          <reporter-output>
            <line>
              <![CDATA[ Test Started running :verifyLoginWithvalidCredentials]]>
            </line>
            <line>
              <![CDATA[=========== Starting verifyLoginWithvalidCredentials=======]]>
            </line>
            <line>
              <![CDATA[ Clicked on Sign in[[ChromeDriver: chrome on XP (0022be8a7644042bdbb3550b1f65c4ec)] -> xpath: //A[@class='login']]]]>
            </line>
            <line>
              <![CDATA[ Entered the email addressabc5@gmail.com object is [[ChromeDriver: chrome on XP (0022be8a7644042bdbb3550b1f65c4ec)] -> xpath: //INPUT[@id='email']]]]>
            </line>
            <line>
              <![CDATA[ Entered the email addresswelcome object is [[ChromeDriver: chrome on XP (0022be8a7644042bdbb3550b1f65c4ec)] -> xpath: //INPUT[@id='passwd']]]]>
            </line>
            <line>
              <![CDATA[test failure]]>
            </line>
            <line>
              <![CDATA[<a href='E:\POM Framework\uiAutomation\src\main\java\com\test\automation\uiAutomation\screenshot\failure_screenshots\verifyLoginWithvalidCredentials_08_03_2018_10_10_17.png'> <img src='E:\POM Framework\uiAutomation\src\main\java\com\test\automation\uiAutomation\screenshot\failure_screenshots\verifyLoginWithvalidCredentials_08_03_2018_10_10_17.png' height='100' width='100'/> </a>]]>
            </line>
          </reporter-output>
        </test-method> <!-- verifyLoginWithvalidCredentials -->
        <test-method status="PASS" signature="beforeMethod(java.lang.reflect.Method)[pri:0, instance:com.test.automation.uiAutomation.homepage.TC002_VerifyLoginWithInvalidCredentials@7d70d1b1]" name="beforeMethod" is-config="true" duration-ms="0" started-at="2018-03-08T10:09:14Z" finished-at="2018-03-08T10:09:14Z">
          <params>
            <param index="0">
              <value>
                <![CDATA[public void com.test.automation.uiAutomation.homepage.TC002_VerifyLoginWithInvalidCredentials.verifyLoginWithvalidCredentials(java.lang.String,java.lang.String,java.lang.String) throws java.lang.InterruptedException]]>
              </value>
            </param>
          </params>
          <reporter-output>
          </reporter-output>
        </test-method> <!-- beforeMethod -->
        <test-method status="PASS" signature="afterMethod(org.testng.ITestResult)[pri:0, instance:com.test.automation.uiAutomation.homepage.TC002_VerifyLoginWithInvalidCredentials@7d70d1b1]" name="afterMethod" is-config="true" duration-ms="348" started-at="2018-03-08T10:10:18Z" finished-at="2018-03-08T10:10:18Z">
          <params>
            <param index="0">
              <value>
                <![CDATA[[TestResult name=verifyLoginWithvalidCredentials status=FAILURE method=TC002_VerifyLoginWithInvalidCredentials.verifyLoginWithvalidCredentials(java.lang.String, java.lang.String, java.lang.String)[pri:0, instance:com.test.automation.uiAutomation.homepage.TC002_VerifyLoginWithInvalidCredentials@7d70d1b1] output= Test Started running :verifyLoginWithvalidCredentials]]]>
              </value>
            </param>
          </params>
          <reporter-output>
            <line>
              <![CDATA[<a href='E:\POM Framework\uiAutomation\src\main\java\com\test\automation\uiAutomation\screenshot\blank_08_03_2018_10_10_18.png'> <img src='E:\POM Framework\uiAutomation\src\main\java\com\test\automation\uiAutomation\screenshot\blank_08_03_2018_10_10_18.png' height='100' width='100'/> </a>]]>
            </line>
          </reporter-output>
        </test-method> <!-- afterMethod -->
        <test-method status="PASS" signature="beforeMethod(java.lang.reflect.Method)[pri:0, instance:com.test.automation.uiAutomation.homepage.TC002_VerifyLoginWithInvalidCredentials@7d70d1b1]" name="beforeMethod" is-config="true" duration-ms="1" started-at="2018-03-08T10:10:18Z" finished-at="2018-03-08T10:10:18Z">
          <params>
            <param index="0">
              <value>
                <![CDATA[public void com.test.automation.uiAutomation.homepage.TC002_VerifyLoginWithInvalidCredentials.verifyLoginWithvalidCredentials(java.lang.String,java.lang.String,java.lang.String) throws java.lang.InterruptedException]]>
              </value>
            </param>
          </params>
          <reporter-output>
          </reporter-output>
        </test-method> <!-- beforeMethod -->
        <test-method status="SKIP" signature="verifyLoginWithvalidCredentials(java.lang.String, java.lang.String, java.lang.String)[pri:0, instance:com.test.automation.uiAutomation.homepage.TC002_VerifyLoginWithInvalidCredentials@7d70d1b1]" name="verifyLoginWithvalidCredentials" duration-ms="2" started-at="2018-03-08T10:10:18Z" data-provider="loginData" finished-at="2018-03-08T10:10:18Z">
          <params>
            <param index="0">
              <value>
                <![CDATA[def6@gmail.com]]>
              </value>
            </param>
            <param index="1">
              <value>
                <![CDATA[welcome1]]>
              </value>
            </param>
            <param index="2">
              <value>
                <![CDATA[n]]>
              </value>
            </param>
          </params>
          <exception class="org.testng.SkipException">
            <message>
              <![CDATA[ User marked as no run]]>
            </message>
            <full-stacktrace>
              <![CDATA[org.testng.SkipException:  User marked as no runat com.test.automation.uiAutomation.homepage.TC002_VerifyLoginWithInvalidCredentials.verifyLoginWithvalidCredentials(TC002_VerifyLoginWithInvalidCredentials.java:36)at sun.reflect.NativeMethodAccessorImpl.invoke0(Native Method)at sun.reflect.NativeMethodAccessorImpl.invoke(Unknown Source)at sun.reflect.DelegatingMethodAccessorImpl.invoke(Unknown Source)at java.lang.reflect.Method.invoke(Unknown Source)at org.testng.internal.MethodInvocationHelper.invokeMethod(MethodInvocationHelper.java:124)at org.testng.internal.Invoker.invokeMethod(Invoker.java:571)at org.testng.internal.Invoker.invokeTestMethod(Invoker.java:707)at org.testng.internal.Invoker.invokeTestMethods(Invoker.java:979)at org.testng.internal.TestMethodWorker.invokeTestMethods(TestMethodWorker.java:125)at org.testng.internal.TestMethodWorker.run(TestMethodWorker.java:109)at org.testng.TestRunner.privateRun(TestRunner.java:648)at org.testng.TestRunner.run(TestRunner.java:505)at org.testng.SuiteRunner.runTest(SuiteRunner.java:455)at org.testng.SuiteRunner.runSequentially(SuiteRunner.java:450)at org.testng.SuiteRunner.privateRun(SuiteRunner.java:415)at org.testng.SuiteRunner.run(SuiteRunner.java:364)at org.testng.SuiteRunnerWorker.runSuite(SuiteRunnerWorker.java:52)at org.testng.SuiteRunnerWorker.run(SuiteRunnerWorker.java:84)at org.testng.TestNG.runSuitesSequentially(TestNG.java:1187)at org.testng.TestNG.runSuitesLocally(TestNG.java:1116)at org.testng.TestNG.runSuites(TestNG.java:1028)at org.testng.TestNG.run(TestNG.java:996)at org.testng.remote.AbstractRemoteTestNG.run(AbstractRemoteTestNG.java:114)at org.testng.remote.RemoteTestNG.initAndRun(RemoteTestNG.java:251)at org.testng.remote.RemoteTestNG.main(RemoteTestNG.java:77)]]>
            </full-stacktrace>
          </exception> <!-- org.testng.SkipException -->
          <reporter-output>
            <line>
              <![CDATA[ Test Started running :verifyLoginWithvalidCredentials]]>
            </line>
            <line>
              <![CDATA[ Test skipped running :verifyLoginWithvalidCredentials]]>
            </line>
          </reporter-output>
        </test-method> <!-- verifyLoginWithvalidCredentials -->
        <test-method status="PASS" signature="afterMethod(org.testng.ITestResult)[pri:0, instance:com.test.automation.uiAutomation.homepage.TC002_VerifyLoginWithInvalidCredentials@7d70d1b1]" name="afterMethod" is-config="true" duration-ms="0" started-at="2018-03-08T10:10:18Z" finished-at="2018-03-08T10:10:18Z">
          <params>
            <param index="0">
              <value>
                <![CDATA[[TestResult name=verifyLoginWithvalidCredentials status=SKIP method=TC002_VerifyLoginWithInvalidCredentials.verifyLoginWithvalidCredentials(java.lang.String, java.lang.String, java.lang.String)[pri:0, instance:com.test.automation.uiAutomation.homepage.TC002_VerifyLoginWithInvalidCredentials@7d70d1b1] output= Test Started running :verifyLoginWithvalidCredentials]]]>
              </value>
            </param>
          </params>
          <reporter-output>
          </reporter-output>
        </test-method> <!-- afterMethod -->
        <test-method status="PASS" signature="beforeMethod(java.lang.reflect.Method)[pri:0, instance:com.test.automation.uiAutomation.homepage.TC002_VerifyLoginWithInvalidCredentials@7d70d1b1]" name="beforeMethod" is-config="true" duration-ms="1" started-at="2018-03-08T10:10:18Z" finished-at="2018-03-08T10:10:18Z">
          <params>
            <param index="0">
              <value>
                <![CDATA[public void com.test.automation.uiAutomation.homepage.TC002_VerifyLoginWithInvalidCredentials.verifyLoginWithvalidCredentials(java.lang.String,java.lang.String,java.lang.String) throws java.lang.InterruptedException]]>
              </value>
            </param>
          </params>
          <reporter-output>
          </reporter-output>
        </test-method> <!-- beforeMethod -->
        <test-method status="SKIP" signature="verifyLoginWithvalidCredentials(java.lang.String, java.lang.String, java.lang.String)[pri:0, instance:com.test.automation.uiAutomation.homepage.TC002_VerifyLoginWithInvalidCredentials@7d70d1b1]" name="verifyLoginWithvalidCredentials" duration-ms="2" started-at="2018-03-08T10:10:18Z" data-provider="loginData" finished-at="2018-03-08T10:10:18Z">
          <params>
            <param index="0">
              <value>
                <![CDATA[def6@gmail.com]]>
              </value>
            </param>
            <param index="1">
              <value>
                <![CDATA[welcome1]]>
              </value>
            </param>
            <param index="2">
              <value>
                <![CDATA[n]]>
              </value>
            </param>
          </params>
          <exception class="org.testng.SkipException">
            <message>
              <![CDATA[ User marked as no run]]>
            </message>
            <full-stacktrace>
              <![CDATA[org.testng.SkipException:  User marked as no runat com.test.automation.uiAutomation.homepage.TC002_VerifyLoginWithInvalidCredentials.verifyLoginWithvalidCredentials(TC002_VerifyLoginWithInvalidCredentials.java:36)at sun.reflect.NativeMethodAccessorImpl.invoke0(Native Method)at sun.reflect.NativeMethodAccessorImpl.invoke(Unknown Source)at sun.reflect.DelegatingMethodAccessorImpl.invoke(Unknown Source)at java.lang.reflect.Method.invoke(Unknown Source)at org.testng.internal.MethodInvocationHelper.invokeMethod(MethodInvocationHelper.java:124)at org.testng.internal.Invoker.invokeMethod(Invoker.java:571)at org.testng.internal.Invoker.retryFailed(Invoker.java:829)at org.testng.internal.Invoker.invokeTestMethods(Invoker.java:1000)at org.testng.internal.TestMethodWorker.invokeTestMethods(TestMethodWorker.java:125)at org.testng.internal.TestMethodWorker.run(TestMethodWorker.java:109)at org.testng.TestRunner.privateRun(TestRunner.java:648)at org.testng.TestRunner.run(TestRunner.java:505)at org.testng.SuiteRunner.runTest(SuiteRunner.java:455)at org.testng.SuiteRunner.runSequentially(SuiteRunner.java:450)at org.testng.SuiteRunner.privateRun(SuiteRunner.java:415)at org.testng.SuiteRunner.run(SuiteRunner.java:364)at org.testng.SuiteRunnerWorker.runSuite(SuiteRunnerWorker.java:52)at org.testng.SuiteRunnerWorker.run(SuiteRunnerWorker.java:84)at org.testng.TestNG.runSuitesSequentially(TestNG.java:1187)at org.testng.TestNG.runSuitesLocally(TestNG.java:1116)at org.testng.TestNG.runSuites(TestNG.java:1028)at org.testng.TestNG.run(TestNG.java:996)at org.testng.remote.AbstractRemoteTestNG.run(AbstractRemoteTestNG.java:114)at org.testng.remote.RemoteTestNG.initAndRun(RemoteTestNG.java:251)at org.testng.remote.RemoteTestNG.main(RemoteTestNG.java:77)]]>
            </full-stacktrace>
          </exception> <!-- org.testng.SkipException -->
          <reporter-output>
            <line>
              <![CDATA[ Test Started running :verifyLoginWithvalidCredentials]]>
            </line>
            <line>
              <![CDATA[ Test skipped running :verifyLoginWithvalidCredentials]]>
            </line>
          </reporter-output>
        </test-method> <!-- verifyLoginWithvalidCredentials -->
        <test-method status="PASS" signature="afterMethod(org.testng.ITestResult)[pri:0, instance:com.test.automation.uiAutomation.homepage.TC002_VerifyLoginWithInvalidCredentials@7d70d1b1]" name="afterMethod" is-config="true" duration-ms="1" started-at="2018-03-08T10:10:18Z" finished-at="2018-03-08T10:10:18Z">
          <params>
            <param index="0">
              <value>
                <![CDATA[[TestResult name=verifyLoginWithvalidCredentials status=SKIP method=TC002_VerifyLoginWithInvalidCredentials.verifyLoginWithvalidCredentials(java.lang.String, java.lang.String, java.lang.String)[pri:0, instance:com.test.automation.uiAutomation.homepage.TC002_VerifyLoginWithInvalidCredentials@7d70d1b1] output= Test Started running :verifyLoginWithvalidCredentials]]]>
              </value>
            </param>
          </params>
          <reporter-output>
          </reporter-output>
        </test-method> <!-- afterMethod -->
        <test-method status="FAIL" signature="verifyLoginWithvalidCredentials(java.lang.String, java.lang.String, java.lang.String)[pri:0, instance:com.test.automation.uiAutomation.homepage.TC002_VerifyLoginWithInvalidCredentials@7d70d1b1]" name="verifyLoginWithvalidCredentials" duration-ms="63355" started-at="2018-03-08T10:10:18Z" data-provider="loginData" finished-at="2018-03-08T10:11:22Z">
          <params>
            <param index="0">
              <value>
                <![CDATA[xyz7@gmail.com]]>
              </value>
            </param>
            <param index="1">
              <value>
                <![CDATA[welcome2]]>
              </value>
            </param>
            <param index="2">
              <value>
                <![CDATA[y]]>
              </value>
            </param>
          </params>
          <exception class="org.openqa.selenium.NoSuchElementException">
            <message>
              <![CDATA[no such element: Unable to locate element: {"method":"xpath","selector":"//button[@id='SubmitLogin1']"}  (Session info: chrome=64.0.3282.186)  (Driver info: chromedriver=2.35.528161 (5b82f2d2aae0ca24b877009200ced9065a772e73),platform=Windows NT 6.1.7600 x86_64) (WARNING: The server did not provide any stacktrace information)Command duration or timeout: 0 millisecondsFor documentation on this error, please visit: http://seleniumhq.org/exceptions/no_such_element.htmlBuild info: version: '3.8.1', revision: '6e95a6684b', time: '2017-12-01T18:33:54.468Z'System info: host: 'WIN7-PC', ip: '192.168.43.249', os.name: 'Windows 7', os.arch: 'amd64', os.version: '6.1', java.version: '1.8.0_152'Driver info: org.openqa.selenium.chrome.ChromeDriverCapabilities {acceptInsecureCerts: false, acceptSslCerts: false, applicationCacheEnabled: false, browserConnectionEnabled: false, browserName: chrome, chrome: {chromedriverVersion: 2.35.528161 (5b82f2d2aae0ca..., userDataDir: C:\Users\win7\AppData\Local...}, cssSelectorsEnabled: true, databaseEnabled: false, handlesAlerts: true, hasTouchScreen: false, javascriptEnabled: true, locationContextEnabled: true, mobileEmulationEnabled: false, nativeEvents: true, networkConnectionEnabled: false, pageLoadStrategy: normal, platform: XP, platformName: XP, rotatable: false, setWindowRect: true, takesHeapSnapshot: true, takesScreenshot: true, unexpectedAlertBehaviour: , unhandledPromptBehavior: , version: 64.0.3282.186, webStorageEnabled: true}Session ID: 0022be8a7644042bdbb3550b1f65c4ec*** Element info: {Using=xpath, value=//button[@id='SubmitLogin1']}]]>
            </message>
            <full-stacktrace>
              <![CDATA[org.openqa.selenium.NoSuchElementException: no such element: Unable to locate element: {"method":"xpath","selector":"//button[@id='SubmitLogin1']"}  (Session info: chrome=64.0.3282.186)  (Driver info: chromedriver=2.35.528161 (5b82f2d2aae0ca24b877009200ced9065a772e73),platform=Windows NT 6.1.7600 x86_64) (WARNING: The server did not provide any stacktrace information)Command duration or timeout: 0 millisecondsFor documentation on this error, please visit: http://seleniumhq.org/exceptions/no_such_element.htmlBuild info: version: '3.8.1', revision: '6e95a6684b', time: '2017-12-01T18:33:54.468Z'System info: host: 'WIN7-PC', ip: '192.168.43.249', os.name: 'Windows 7', os.arch: 'amd64', os.version: '6.1', java.version: '1.8.0_152'Driver info: org.openqa.selenium.chrome.ChromeDriverCapabilities {acceptInsecureCerts: false, acceptSslCerts: false, applicationCacheEnabled: false, browserConnectionEnabled: false, browserName: chrome, chrome: {chromedriverVersion: 2.35.528161 (5b82f2d2aae0ca..., userDataDir: C:\Users\win7\AppData\Local...}, cssSelectorsEnabled: true, databaseEnabled: false, handlesAlerts: true, hasTouchScreen: false, javascriptEnabled: true, locationContextEnabled: true, mobileEmulationEnabled: false, nativeEvents: true, networkConnectionEnabled: false, pageLoadStrategy: normal, platform: XP, platformName: XP, rotatable: false, setWindowRect: true, takesHeapSnapshot: true, takesScreenshot: true, unexpectedAlertBehaviour: , unhandledPromptBehavior: , version: 64.0.3282.186, webStorageEnabled: true}Session ID: 0022be8a7644042bdbb3550b1f65c4ec*** Element info: {Using=xpath, value=//button[@id='SubmitLogin1']}at sun.reflect.NativeConstructorAccessorImpl.newInstance0(Native Method)at sun.reflect.NativeConstructorAccessorImpl.newInstance(Unknown Source)at sun.reflect.DelegatingConstructorAccessorImpl.newInstance(Unknown Source)at java.lang.reflect.Constructor.newInstance(Unknown Source)at org.openqa.selenium.remote.ErrorHandler.createThrowable(ErrorHandler.java:214)at org.openqa.selenium.remote.ErrorHandler.throwIfResponseFailed(ErrorHandler.java:166)at org.openqa.selenium.remote.http.JsonHttpResponseCodec.reconstructValue(JsonHttpResponseCodec.java:40)at org.openqa.selenium.remote.http.AbstractHttpResponseCodec.decode(AbstractHttpResponseCodec.java:80)at org.openqa.selenium.remote.http.AbstractHttpResponseCodec.decode(AbstractHttpResponseCodec.java:44)at org.openqa.selenium.remote.HttpCommandExecutor.execute(HttpCommandExecutor.java:164)at org.openqa.selenium.remote.service.DriverCommandExecutor.execute(DriverCommandExecutor.java:83)at org.openqa.selenium.remote.RemoteWebDriver.execute(RemoteWebDriver.java:601)at org.openqa.selenium.remote.RemoteWebDriver.findElement(RemoteWebDriver.java:371)at org.openqa.selenium.remote.RemoteWebDriver.findElementByXPath(RemoteWebDriver.java:473)at org.openqa.selenium.By$ByXPath.findElement(By.java:361)at org.openqa.selenium.remote.RemoteWebDriver.findElement(RemoteWebDriver.java:363)at org.openqa.selenium.support.pagefactory.DefaultElementLocator.findElement(DefaultElementLocator.java:69)at org.openqa.selenium.support.pagefactory.internal.LocatingElementHandler.invoke(LocatingElementHandler.java:38)at com.sun.proxy.$Proxy12.click(Unknown Source)at com.test.automation.uiAutomation.uiActions.HomePage.loginToApplication(HomePage.java:45)at com.test.automation.uiAutomation.homepage.TC002_VerifyLoginWithInvalidCredentials.verifyLoginWithvalidCredentials(TC002_VerifyLoginWithInvalidCredentials.java:40)at sun.reflect.NativeMethodAccessorImpl.invoke0(Native Method)at sun.reflect.NativeMethodAccessorImpl.invoke(Unknown Source)at sun.reflect.DelegatingMethodAccessorImpl.invoke(Unknown Source)at java.lang.reflect.Method.invoke(Unknown Source)at org.testng.internal.MethodInvocationHelper.invokeMethod(MethodInvocationHelper.java:124)at org.testng.internal.Invoker.invokeMethod(Invoker.java:571)at org.testng.internal.Invoker.invokeTestMethod(Invoker.java:707)at org.testng.internal.Invoker.invokeTestMethods(Invoker.java:979)at org.testng.internal.TestMethodWorker.invokeTestMethods(TestMethodWorker.java:125)at org.testng.internal.TestMethodWorker.run(TestMethodWorker.java:109)at org.testng.TestRunner.privateRun(TestRunner.java:648)at org.testng.TestRunner.run(TestRunner.java:505)at org.testng.SuiteRunner.runTest(SuiteRunner.java:455)at org.testng.SuiteRunner.runSequentially(SuiteRunner.java:450)at org.testng.SuiteRunner.privateRun(SuiteRunner.java:415)at org.testng.SuiteRunner.run(SuiteRunner.java:364)at org.testng.SuiteRunnerWorker.runSuite(SuiteRunnerWorker.java:52)at org.testng.SuiteRunnerWorker.run(SuiteRunnerWorker.java:84)at org.testng.TestNG.runSuitesSequentially(TestNG.java:1187)at org.testng.TestNG.runSuitesLocally(TestNG.java:1116)at org.testng.TestNG.runSuites(TestNG.java:1028)at org.testng.TestNG.run(TestNG.java:996)at org.testng.remote.AbstractRemoteTestNG.run(AbstractRemoteTestNG.java:114)at org.testng.remote.RemoteTestNG.initAndRun(RemoteTestNG.java:251)at org.testng.remote.RemoteTestNG.main(RemoteTestNG.java:77)]]>
            </full-stacktrace>
          </exception> <!-- org.openqa.selenium.NoSuchElementException -->
          <reporter-output>
            <line>
              <![CDATA[ Test Started running :verifyLoginWithvalidCredentials]]>
            </line>
            <line>
              <![CDATA[=========== Starting verifyLoginWithvalidCredentials=======]]>
            </line>
            <line>
              <![CDATA[ Clicked on Sign in[[ChromeDriver: chrome on XP (0022be8a7644042bdbb3550b1f65c4ec)] -> xpath: //A[@class='login']]]]>
            </line>
            <line>
              <![CDATA[ Entered the email addressxyz7@gmail.com object is [[ChromeDriver: chrome on XP (0022be8a7644042bdbb3550b1f65c4ec)] -> xpath: //INPUT[@id='email']]]]>
            </line>
            <line>
              <![CDATA[ Entered the email addresswelcome2 object is [[ChromeDriver: chrome on XP (0022be8a7644042bdbb3550b1f65c4ec)] -> xpath: //INPUT[@id='passwd']]]]>
            </line>
            <line>
              <![CDATA[test failure]]>
            </line>
            <line>
              <![CDATA[<a href='E:\POM Framework\uiAutomation\src\main\java\com\test\automation\uiAutomation\screenshot\failure_screenshots\verifyLoginWithvalidCredentials_08_03_2018_10_11_22.png'> <img src='E:\POM Framework\uiAutomation\src\main\java\com\test\automation\uiAutomation\screenshot\failure_screenshots\verifyLoginWithvalidCredentials_08_03_2018_10_11_22.png' height='100' width='100'/> </a>]]>
            </line>
          </reporter-output>
        </test-method> <!-- verifyLoginWithvalidCredentials -->
        <test-method status="PASS" signature="beforeMethod(java.lang.reflect.Method)[pri:0, instance:com.test.automation.uiAutomation.homepage.TC002_VerifyLoginWithInvalidCredentials@7d70d1b1]" name="beforeMethod" is-config="true" duration-ms="0" started-at="2018-03-08T10:10:18Z" finished-at="2018-03-08T10:10:18Z">
          <params>
            <param index="0">
              <value>
                <![CDATA[public void com.test.automation.uiAutomation.homepage.TC002_VerifyLoginWithInvalidCredentials.verifyLoginWithvalidCredentials(java.lang.String,java.lang.String,java.lang.String) throws java.lang.InterruptedException]]>
              </value>
            </param>
          </params>
          <reporter-output>
          </reporter-output>
        </test-method> <!-- beforeMethod -->
        <test-method status="PASS" signature="afterMethod(org.testng.ITestResult)[pri:0, instance:com.test.automation.uiAutomation.homepage.TC002_VerifyLoginWithInvalidCredentials@7d70d1b1]" name="afterMethod" is-config="true" duration-ms="429" started-at="2018-03-08T10:11:22Z" finished-at="2018-03-08T10:11:22Z">
          <params>
            <param index="0">
              <value>
                <![CDATA[[TestResult name=verifyLoginWithvalidCredentials status=FAILURE method=TC002_VerifyLoginWithInvalidCredentials.verifyLoginWithvalidCredentials(java.lang.String, java.lang.String, java.lang.String)[pri:0, instance:com.test.automation.uiAutomation.homepage.TC002_VerifyLoginWithInvalidCredentials@7d70d1b1] output= Test Started running :verifyLoginWithvalidCredentials]]]>
              </value>
            </param>
          </params>
          <reporter-output>
            <line>
              <![CDATA[<a href='E:\POM Framework\uiAutomation\src\main\java\com\test\automation\uiAutomation\screenshot\blank_08_03_2018_10_11_22.png'> <img src='E:\POM Framework\uiAutomation\src\main\java\com\test\automation\uiAutomation\screenshot\blank_08_03_2018_10_11_22.png' height='100' width='100'/> </a>]]>
            </line>
          </reporter-output>
        </test-method> <!-- afterMethod -->
        <test-method status="PASS" signature="beforeMethod(java.lang.reflect.Method)[pri:0, instance:com.test.automation.uiAutomation.homepage.TC002_VerifyLoginWithInvalidCredentials@7d70d1b1]" name="beforeMethod" is-config="true" duration-ms="1" started-at="2018-03-08T10:11:22Z" finished-at="2018-03-08T10:11:22Z">
          <params>
            <param index="0">
              <value>
                <![CDATA[public void com.test.automation.uiAutomation.homepage.TC002_VerifyLoginWithInvalidCredentials.verifyLoginWithvalidCredentials(java.lang.String,java.lang.String,java.lang.String) throws java.lang.InterruptedException]]>
              </value>
            </param>
          </params>
          <reporter-output>
          </reporter-output>
        </test-method> <!-- beforeMethod -->
        <test-method status="FAIL" signature="verifyLoginWithvalidCredentials(java.lang.String, java.lang.String, java.lang.String)[pri:0, instance:com.test.automation.uiAutomation.homepage.TC002_VerifyLoginWithInvalidCredentials@7d70d1b1]" name="verifyLoginWithvalidCredentials" duration-ms="63912" started-at="2018-03-08T10:11:22Z" data-provider="loginData" finished-at="2018-03-08T10:12:26Z">
          <params>
            <param index="0">
              <value>
                <![CDATA[xyz7@gmail.com]]>
              </value>
            </param>
            <param index="1">
              <value>
                <![CDATA[welcome2]]>
              </value>
            </param>
            <param index="2">
              <value>
                <![CDATA[y]]>
              </value>
            </param>
          </params>
          <exception class="org.openqa.selenium.NoSuchElementException">
            <message>
              <![CDATA[no such element: Unable to locate element: {"method":"xpath","selector":"//button[@id='SubmitLogin1']"}  (Session info: chrome=64.0.3282.186)  (Driver info: chromedriver=2.35.528161 (5b82f2d2aae0ca24b877009200ced9065a772e73),platform=Windows NT 6.1.7600 x86_64) (WARNING: The server did not provide any stacktrace information)Command duration or timeout: 0 millisecondsFor documentation on this error, please visit: http://seleniumhq.org/exceptions/no_such_element.htmlBuild info: version: '3.8.1', revision: '6e95a6684b', time: '2017-12-01T18:33:54.468Z'System info: host: 'WIN7-PC', ip: '192.168.43.249', os.name: 'Windows 7', os.arch: 'amd64', os.version: '6.1', java.version: '1.8.0_152'Driver info: org.openqa.selenium.chrome.ChromeDriverCapabilities {acceptInsecureCerts: false, acceptSslCerts: false, applicationCacheEnabled: false, browserConnectionEnabled: false, browserName: chrome, chrome: {chromedriverVersion: 2.35.528161 (5b82f2d2aae0ca..., userDataDir: C:\Users\win7\AppData\Local...}, cssSelectorsEnabled: true, databaseEnabled: false, handlesAlerts: true, hasTouchScreen: false, javascriptEnabled: true, locationContextEnabled: true, mobileEmulationEnabled: false, nativeEvents: true, networkConnectionEnabled: false, pageLoadStrategy: normal, platform: XP, platformName: XP, rotatable: false, setWindowRect: true, takesHeapSnapshot: true, takesScreenshot: true, unexpectedAlertBehaviour: , unhandledPromptBehavior: , version: 64.0.3282.186, webStorageEnabled: true}Session ID: 0022be8a7644042bdbb3550b1f65c4ec*** Element info: {Using=xpath, value=//button[@id='SubmitLogin1']}]]>
            </message>
            <full-stacktrace>
              <![CDATA[org.openqa.selenium.NoSuchElementException: no such element: Unable to locate element: {"method":"xpath","selector":"//button[@id='SubmitLogin1']"}  (Session info: chrome=64.0.3282.186)  (Driver info: chromedriver=2.35.528161 (5b82f2d2aae0ca24b877009200ced9065a772e73),platform=Windows NT 6.1.7600 x86_64) (WARNING: The server did not provide any stacktrace information)Command duration or timeout: 0 millisecondsFor documentation on this error, please visit: http://seleniumhq.org/exceptions/no_such_element.htmlBuild info: version: '3.8.1', revision: '6e95a6684b', time: '2017-12-01T18:33:54.468Z'System info: host: 'WIN7-PC', ip: '192.168.43.249', os.name: 'Windows 7', os.arch: 'amd64', os.version: '6.1', java.version: '1.8.0_152'Driver info: org.openqa.selenium.chrome.ChromeDriverCapabilities {acceptInsecureCerts: false, acceptSslCerts: false, applicationCacheEnabled: false, browserConnectionEnabled: false, browserName: chrome, chrome: {chromedriverVersion: 2.35.528161 (5b82f2d2aae0ca..., userDataDir: C:\Users\win7\AppData\Local...}, cssSelectorsEnabled: true, databaseEnabled: false, handlesAlerts: true, hasTouchScreen: false, javascriptEnabled: true, locationContextEnabled: true, mobileEmulationEnabled: false, nativeEvents: true, networkConnectionEnabled: false, pageLoadStrategy: normal, platform: XP, platformName: XP, rotatable: false, setWindowRect: true, takesHeapSnapshot: true, takesScreenshot: true, unexpectedAlertBehaviour: , unhandledPromptBehavior: , version: 64.0.3282.186, webStorageEnabled: true}Session ID: 0022be8a7644042bdbb3550b1f65c4ec*** Element info: {Using=xpath, value=//button[@id='SubmitLogin1']}at sun.reflect.NativeConstructorAccessorImpl.newInstance0(Native Method)at sun.reflect.NativeConstructorAccessorImpl.newInstance(Unknown Source)at sun.reflect.DelegatingConstructorAccessorImpl.newInstance(Unknown Source)at java.lang.reflect.Constructor.newInstance(Unknown Source)at org.openqa.selenium.remote.ErrorHandler.createThrowable(ErrorHandler.java:214)at org.openqa.selenium.remote.ErrorHandler.throwIfResponseFailed(ErrorHandler.java:166)at org.openqa.selenium.remote.http.JsonHttpResponseCodec.reconstructValue(JsonHttpResponseCodec.java:40)at org.openqa.selenium.remote.http.AbstractHttpResponseCodec.decode(AbstractHttpResponseCodec.java:80)at org.openqa.selenium.remote.http.AbstractHttpResponseCodec.decode(AbstractHttpResponseCodec.java:44)at org.openqa.selenium.remote.HttpCommandExecutor.execute(HttpCommandExecutor.java:164)at org.openqa.selenium.remote.service.DriverCommandExecutor.execute(DriverCommandExecutor.java:83)at org.openqa.selenium.remote.RemoteWebDriver.execute(RemoteWebDriver.java:601)at org.openqa.selenium.remote.RemoteWebDriver.findElement(RemoteWebDriver.java:371)at org.openqa.selenium.remote.RemoteWebDriver.findElementByXPath(RemoteWebDriver.java:473)at org.openqa.selenium.By$ByXPath.findElement(By.java:361)at org.openqa.selenium.remote.RemoteWebDriver.findElement(RemoteWebDriver.java:363)at org.openqa.selenium.support.pagefactory.DefaultElementLocator.findElement(DefaultElementLocator.java:69)at org.openqa.selenium.support.pagefactory.internal.LocatingElementHandler.invoke(LocatingElementHandler.java:38)at com.sun.proxy.$Proxy12.click(Unknown Source)at com.test.automation.uiAutomation.uiActions.HomePage.loginToApplication(HomePage.java:45)at com.test.automation.uiAutomation.homepage.TC002_VerifyLoginWithInvalidCredentials.verifyLoginWithvalidCredentials(TC002_VerifyLoginWithInvalidCredentials.java:40)at sun.reflect.NativeMethodAccessorImpl.invoke0(Native Method)at sun.reflect.NativeMethodAccessorImpl.invoke(Unknown Source)at sun.reflect.DelegatingMethodAccessorImpl.invoke(Unknown Source)at java.lang.reflect.Method.invoke(Unknown Source)at org.testng.internal.MethodInvocationHelper.invokeMethod(MethodInvocationHelper.java:124)at org.testng.internal.Invoker.invokeMethod(Invoker.java:571)at org.testng.internal.Invoker.retryFailed(Invoker.java:829)at org.testng.internal.Invoker.invokeTestMethods(Invoker.java:1000)at org.testng.internal.TestMethodWorker.invokeTestMethods(TestMethodWorker.java:125)at org.testng.internal.TestMethodWorker.run(TestMethodWorker.java:109)at org.testng.TestRunner.privateRun(TestRunner.java:648)at org.testng.TestRunner.run(TestRunner.java:505)at org.testng.SuiteRunner.runTest(SuiteRunner.java:455)at org.testng.SuiteRunner.runSequentially(SuiteRunner.java:450)at org.testng.SuiteRunner.privateRun(SuiteRunner.java:415)at org.testng.SuiteRunner.run(SuiteRunner.java:364)at org.testng.SuiteRunnerWorker.runSuite(SuiteRunnerWorker.java:52)at org.testng.SuiteRunnerWorker.run(SuiteRunnerWorker.java:84)at org.testng.TestNG.runSuitesSequentially(TestNG.java:1187)at org.testng.TestNG.runSuitesLocally(TestNG.java:1116)at org.testng.TestNG.runSuites(TestNG.java:1028)at org.testng.TestNG.run(TestNG.java:996)at org.testng.remote.AbstractRemoteTestNG.run(AbstractRemoteTestNG.java:114)at org.testng.remote.RemoteTestNG.initAndRun(RemoteTestNG.java:251)at org.testng.remote.RemoteTestNG.main(RemoteTestNG.java:77)]]>
            </full-stacktrace>
          </exception> <!-- org.openqa.selenium.NoSuchElementException -->
          <reporter-output>
            <line>
              <![CDATA[ Test Started running :verifyLoginWithvalidCredentials]]>
            </line>
            <line>
              <![CDATA[=========== Starting verifyLoginWithvalidCredentials=======]]>
            </line>
            <line>
              <![CDATA[ Clicked on Sign in[[ChromeDriver: chrome on XP (0022be8a7644042bdbb3550b1f65c4ec)] -> xpath: //A[@class='login']]]]>
            </line>
            <line>
              <![CDATA[ Entered the email addressxyz7@gmail.com object is [[ChromeDriver: chrome on XP (0022be8a7644042bdbb3550b1f65c4ec)] -> xpath: //INPUT[@id='email']]]]>
            </line>
            <line>
              <![CDATA[ Entered the email addresswelcome2 object is [[ChromeDriver: chrome on XP (0022be8a7644042bdbb3550b1f65c4ec)] -> xpath: //INPUT[@id='passwd']]]]>
            </line>
            <line>
              <![CDATA[test failure]]>
            </line>
            <line>
              <![CDATA[<a href='E:\POM Framework\uiAutomation\src\main\java\com\test\automation\uiAutomation\screenshot\failure_screenshots\verifyLoginWithvalidCredentials_08_03_2018_10_12_26.png'> <img src='E:\POM Framework\uiAutomation\src\main\java\com\test\automation\uiAutomation\screenshot\failure_screenshots\verifyLoginWithvalidCredentials_08_03_2018_10_12_26.png' height='100' width='100'/> </a>]]>
            </line>
          </reporter-output>
        </test-method> <!-- verifyLoginWithvalidCredentials -->
        <test-method status="PASS" signature="afterMethod(org.testng.ITestResult)[pri:0, instance:com.test.automation.uiAutomation.homepage.TC002_VerifyLoginWithInvalidCredentials@7d70d1b1]" name="afterMethod" is-config="true" duration-ms="420" started-at="2018-03-08T10:12:27Z" finished-at="2018-03-08T10:12:27Z">
          <params>
            <param index="0">
              <value>
                <![CDATA[[TestResult name=verifyLoginWithvalidCredentials status=FAILURE method=TC002_VerifyLoginWithInvalidCredentials.verifyLoginWithvalidCredentials(java.lang.String, java.lang.String, java.lang.String)[pri:0, instance:com.test.automation.uiAutomation.homepage.TC002_VerifyLoginWithInvalidCredentials@7d70d1b1] output= Test Started running :verifyLoginWithvalidCredentials]]]>
              </value>
            </param>
          </params>
          <reporter-output>
            <line>
              <![CDATA[<a href='E:\POM Framework\uiAutomation\src\main\java\com\test\automation\uiAutomation\screenshot\blank_08_03_2018_10_12_27.png'> <img src='E:\POM Framework\uiAutomation\src\main\java\com\test\automation\uiAutomation\screenshot\blank_08_03_2018_10_12_27.png' height='100' width='100'/> </a>]]>
            </line>
          </reporter-output>
        </test-method> <!-- afterMethod -->
        <test-method status="PASS" signature="endTest()[pri:0, instance:com.test.automation.uiAutomation.homepage.TC002_VerifyLoginWithInvalidCredentials@7d70d1b1]" name="endTest" is-config="true" duration-ms="1134" started-at="2018-03-08T10:12:27Z" finished-at="2018-03-08T10:12:28Z">
          <reporter-output>
          </reporter-output>
        </test-method> <!-- endTest -->
      </class> <!-- com.test.automation.uiAutomation.homepage.TC002_VerifyLoginWithInvalidCredentials -->
    </test> <!-- Test -->
  </suite> <!-- Regression Suite -->
</testng-results>
