<html>
<head>
<title>TestNG:  Default test</title>
<link href="../testng.css" rel="stylesheet" type="text/css" />
<link href="../my-testng.css" rel="stylesheet" type="text/css" />

<style type="text/css">
.log { display: none;} 
.stack-trace { display: none;} 
</style>
<script type="text/javascript">
<!--
function flip(e) {
  current = e.style.display;
  if (current == 'block') {
    e.style.display = 'none';
    return 0;
  }
  else {
    e.style.display = 'block';
    return 1;
  }
}

function toggleBox(szDivId, elem, msg1, msg2)
{
  var res = -1;  if (document.getElementById) {
    res = flip(document.getElementById(szDivId));
  }
  else if (document.all) {
    // this is the way old msie versions work
    res = flip(document.all[szDivId]);
  }
  if(elem) {
    if(res == 0) elem.innerHTML = msg1; else elem.innerHTML = msg2;
  }

}

function toggleAllBoxes() {
  if (document.getElementsByTagName) {
    d = document.getElementsByTagName('div');
    for (i = 0; i < d.length; i++) {
      if (d[i].className == 'log') {
        flip(d[i]);
      }
    }
  }
}

// -->
</script>

</head>
<body>
<h2 align='center'>Default test</h2><table border='1' align="center">
<tr>
<td>Tests passed/Failed/Skipped:</td><td>3/0/1</td>
</tr><tr>
<td>Started on:</td><td>Wed Mar 07 07:05:01 IST 2018</td>
</tr>
<tr><td>Total time:</td><td>89 seconds (89050 ms)</td>
</tr><tr>
<td>Included groups:</td><td></td>
</tr><tr>
<td>Excluded groups:</td><td></td>
</tr>
</table><p/>
<small><i>(Hover the method name to see the test class name)</i></small><p/>
<table width='100%' border='1' class='invocation-passed'>
<tr><td colspan='4' align='center'><b>PASSED TESTS</b></td></tr>
<tr><td><b>Test method</b></td>
<td width="30%"><b>Exception</b></td>
<td width="10%"><b>Time (seconds)</b></td>
<td><b>Instance</b></td>
</tr>
<tr>
<td title='com.test.automation.uiAutomation.homepage.TC002_VerifyLoginWithInvalidCredentials.verifyLoginWithvalidCredentials()'><b>verifyLoginWithvalidCredentials</b><br>Test class: com.test.automation.uiAutomation.homepage.TC002_VerifyLoginWithInvalidCredentials<br>Parameters: smanickarajanskf@gmail.com, subrajsub, y<br/>
<a href="#Output-1689924104" onClick='toggleBox("Output-1689924104", this, "Show output", "Hide output");'>Show output</a>

<a href="#Output-1689924104" onClick="toggleAllBoxes();">Show all outputs</a>
<div class='log' id="Output-1689924104">
=========== Starting verifyLoginWithvalidCredentials=======<br/>
 Clicked on Sign in[[ChromeDriver: chrome on XP (e89e30b8dcf64d9d4c255e73267077cc)] -> xpath: //A[@class='login']]<br/>
 Entered the email addresssmanickarajanskf@gmail.com object is [[ChromeDriver: chrome on XP (e89e30b8dcf64d9d4c255e73267077cc)] -> xpath: //INPUT[@id='email']]<br/>
 Entered the email addresssubrajsub object is [[ChromeDriver: chrome on XP (e89e30b8dcf64d9d4c255e73267077cc)] -> xpath: //INPUT[@id='passwd']]<br/>
 Clicked on submit button<br/>
 waited for 2 seconds<br/>
 Clicked on signout button  <br/>
 waited for 2 seconds<br/>
=========== Ending verifyLoginWithvalidCredentials=======<br/>
</div>
</td>
<td></td>
<td>17</td>
<td>com.test.automation.uiAutomation.homepage.TC002_VerifyLoginWithInvalidCredentials@57baeedf</td></tr>
<tr>
<td title='com.test.automation.uiAutomation.homepage.TC002_VerifyLoginWithInvalidCredentials.verifyLoginWithvalidCredentials()'><b>verifyLoginWithvalidCredentials</b><br>Test class: com.test.automation.uiAutomation.homepage.TC002_VerifyLoginWithInvalidCredentials<br>Parameters: abc5@gmail.com, welcome, y<br/>
<a href="#Output-1700721442" onClick='toggleBox("Output-1700721442", this, "Show output", "Hide output");'>Show output</a>

<a href="#Output-1700721442" onClick="toggleAllBoxes();">Show all outputs</a>
<div class='log' id="Output-1700721442">
=========== Starting verifyLoginWithvalidCredentials=======<br/>
 Clicked on Sign in[[ChromeDriver: chrome on XP (e89e30b8dcf64d9d4c255e73267077cc)] -> xpath: //A[@class='login']]<br/>
 Entered the email addressabc5@gmail.com object is [[ChromeDriver: chrome on XP (e89e30b8dcf64d9d4c255e73267077cc)] -> xpath: //INPUT[@id='email']]<br/>
 Entered the email addresswelcome object is [[ChromeDriver: chrome on XP (e89e30b8dcf64d9d4c255e73267077cc)] -> xpath: //INPUT[@id='passwd']]<br/>
 Clicked on submit button<br/>
 waited for 2 seconds<br/>
 Clicked on signout button  <br/>
 waited for 2 seconds<br/>
=========== Ending verifyLoginWithvalidCredentials=======<br/>
</div>
</td>
<td></td>
<td>14</td>
<td>com.test.automation.uiAutomation.homepage.TC002_VerifyLoginWithInvalidCredentials@57baeedf</td></tr>
<tr>
<td title='com.test.automation.uiAutomation.homepage.TC002_VerifyLoginWithInvalidCredentials.verifyLoginWithvalidCredentials()'><b>verifyLoginWithvalidCredentials</b><br>Test class: com.test.automation.uiAutomation.homepage.TC002_VerifyLoginWithInvalidCredentials<br>Parameters: xyz7@gmail.com, welcome2, y<br/>
<a href="#Output-1053632127" onClick='toggleBox("Output-1053632127", this, "Show output", "Hide output");'>Show output</a>

<a href="#Output-1053632127" onClick="toggleAllBoxes();">Show all outputs</a>
<div class='log' id="Output-1053632127">
=========== Starting verifyLoginWithvalidCredentials=======<br/>
 Clicked on Sign in[[ChromeDriver: chrome on XP (e89e30b8dcf64d9d4c255e73267077cc)] -> xpath: //A[@class='login']]<br/>
 Entered the email addressxyz7@gmail.com object is [[ChromeDriver: chrome on XP (e89e30b8dcf64d9d4c255e73267077cc)] -> xpath: //INPUT[@id='email']]<br/>
 Entered the email addresswelcome2 object is [[ChromeDriver: chrome on XP (e89e30b8dcf64d9d4c255e73267077cc)] -> xpath: //INPUT[@id='passwd']]<br/>
 Clicked on submit button<br/>
 waited for 2 seconds<br/>
 Clicked on signout button  <br/>
 waited for 2 seconds<br/>
=========== Ending verifyLoginWithvalidCredentials=======<br/>
</div>
</td>
<td></td>
<td>13</td>
<td>com.test.automation.uiAutomation.homepage.TC002_VerifyLoginWithInvalidCredentials@57baeedf</td></tr>
</table><p>
<table width='100%' border='1' class='invocation-skipped'>
<tr><td colspan='4' align='center'><b>SKIPPED TESTS</b></td></tr>
<tr><td><b>Test method</b></td>
<td width="30%"><b>Exception</b></td>
<td width="10%"><b>Time (seconds)</b></td>
<td><b>Instance</b></td>
</tr>
<tr>
<td title='com.test.automation.uiAutomation.homepage.TC002_VerifyLoginWithInvalidCredentials.verifyLoginWithvalidCredentials()'><b>verifyLoginWithvalidCredentials</b><br>Test class: com.test.automation.uiAutomation.homepage.TC002_VerifyLoginWithInvalidCredentials<br>Parameters: def6@gmail.com, welcome1, n</td>
<td><div><pre>org.testng.SkipException:  User marked as no run
	at com.test.automation.uiAutomation.homepage.TC002_VerifyLoginWithInvalidCredentials.verifyLoginWithvalidCredentials(TC002_VerifyLoginWithInvalidCredentials.java:36)
	at sun.reflect.NativeMethodAccessorImpl.invoke0(Native Method)
	at sun.reflect.NativeMethodAccessorImpl.invoke(Unknown Source)
	at sun.reflect.DelegatingMethodAccessorImpl.invoke(Unknown Source)
	at java.lang.reflect.Method.invoke(Unknown Source)
	at org.testng.internal.MethodInvocationHelper.invokeMethod(MethodInvocationHelper.java:124)
	at org.testng.internal.Invoker.invokeMethod(Invoker.java:571)
	at org.testng.internal.Invoker.invokeTestMethod(Invoker.java:707)
	at org.testng.internal.Invoker.invokeTestMethods(Invoker.java:979)
	at org.testng.internal.TestMethodWorker.invokeTestMethods(TestMethodWorker.java:125)
	at org.testng.internal.TestMethodWorker.run(TestMethodWorker.java:109)
	at org.testng.TestRunner.privateRun(TestRunner.java:648)
	at org.testng.TestRunner.run(TestRunner.java:505)
	at org.testng.SuiteRunner.runTest(SuiteRunner.java:455)
	at org.testng.SuiteRunner.runSequentially(SuiteRunner.java:450)
	at org.testng.SuiteRunner.privateRun(SuiteRunner.java:415)
	at org.testng.SuiteRunner.run(SuiteRunner.java:364)
	at org.testng.SuiteRunnerWorker.runSuite(SuiteRunnerWorker.java:52)
	at org.testng.SuiteRunnerWorker.run(SuiteRunnerWorker.java:84)
	at org.testng.TestNG.runSuitesSequentially(TestNG.java:1187)
	at org.testng.TestNG.runSuitesLocally(TestNG.java:1116)
	at org.testng.TestNG.runSuites(TestNG.java:1028)
	at org.testng.TestNG.run(TestNG.java:996)
	at org.testng.remote.AbstractRemoteTestNG.run(AbstractRemoteTestNG.java:114)
	at org.testng.remote.RemoteTestNG.initAndRun(RemoteTestNG.java:251)
	at org.testng.remote.RemoteTestNG.main(RemoteTestNG.java:77)
</pre></div><a href='#' onClick='toggleBox("stack-trace125644421", this, "Click to show all stack frames", "Click to hide stack frames")'>Click to show all stack frames</a>
<div class='stack-trace' id='stack-trace125644421'><pre>org.testng.SkipException:  User marked as no run
	at com.test.automation.uiAutomation.homepage.TC002_VerifyLoginWithInvalidCredentials.verifyLoginWithvalidCredentials(TC002_VerifyLoginWithInvalidCredentials.java:36)
	at sun.reflect.NativeMethodAccessorImpl.invoke0(Native Method)
	at sun.reflect.NativeMethodAccessorImpl.invoke(Unknown Source)
	at sun.reflect.DelegatingMethodAccessorImpl.invoke(Unknown Source)
	at java.lang.reflect.Method.invoke(Unknown Source)
	at org.testng.internal.MethodInvocationHelper.invokeMethod(MethodInvocationHelper.java:124)
	at org.testng.internal.Invoker.invokeMethod(Invoker.java:571)
	at org.testng.internal.Invoker.invokeTestMethod(Invoker.java:707)
	at org.testng.internal.Invoker.invokeTestMethods(Invoker.java:979)
	at org.testng.internal.TestMethodWorker.invokeTestMethods(TestMethodWorker.java:125)
	at org.testng.internal.TestMethodWorker.run(TestMethodWorker.java:109)
	at org.testng.TestRunner.privateRun(TestRunner.java:648)
	at org.testng.TestRunner.run(TestRunner.java:505)
	at org.testng.SuiteRunner.runTest(SuiteRunner.java:455)
	at org.testng.SuiteRunner.runSequentially(SuiteRunner.java:450)
	at org.testng.SuiteRunner.privateRun(SuiteRunner.java:415)
	at org.testng.SuiteRunner.run(SuiteRunner.java:364)
	at org.testng.SuiteRunnerWorker.runSuite(SuiteRunnerWorker.java:52)
	at org.testng.SuiteRunnerWorker.run(SuiteRunnerWorker.java:84)
	at org.testng.TestNG.runSuitesSequentially(TestNG.java:1187)
	at org.testng.TestNG.runSuitesLocally(TestNG.java:1116)
	at org.testng.TestNG.runSuites(TestNG.java:1028)
	at org.testng.TestNG.run(TestNG.java:996)
	at org.testng.remote.AbstractRemoteTestNG.run(AbstractRemoteTestNG.java:114)
	at org.testng.remote.RemoteTestNG.initAndRun(RemoteTestNG.java:251)
	at org.testng.remote.RemoteTestNG.main(RemoteTestNG.java:77)
</pre></div></td>
<td>0</td>
<td>com.test.automation.uiAutomation.homepage.TC002_VerifyLoginWithInvalidCredentials@57baeedf</td></tr>
</table><p>
</body>
</html>